Using pre-set license
Built from '2020.3/staging' branch; Version is '2020.3.20f1 (41c4e627c95f) revision 4310246'; Using compiler version '192528614'; Build Type 'Release'
OS: 'Windows 10 Home; OS build 19042.1348; Version 2009; 64bit' Language: 'en' Physical Memory: 8026 MB
BatchMode: 1, IsHumanControllingUs: 0, StartBugReporterOnCrash: 0, Is64bit: 1, IsPro: 0

COMMAND LINE ARGUMENTS:
C:\Program Files\Unity\Hub\Editor\2020.3.20f1\Editor\Unity.exe
-adb2
-batchMode
-noUpm
-name
AssetImportWorker1
-projectPath
C:/Users/jslut/OneDrive/Documents/GitHub/FinalProject01/TheRobotEscape
-logFile
Logs/AssetImportWorker1.log
-srvPort
54039
Successfully changed project path to: C:/Users/jslut/OneDrive/Documents/GitHub/FinalProject01/TheRobotEscape
C:/Users/jslut/OneDrive/Documents/GitHub/FinalProject01/TheRobotEscape
Using Asset Import Pipeline V2.
Refreshing native plugins compatible for Editor in 46.07 ms, found 2 plugins.
Preloading 0 native plugins for Editor in 0.00 ms.
Initialize engine version: 2020.3.20f1 (41c4e627c95f)
[Subsystems] Discovering subsystems at path C:/Program Files/Unity/Hub/Editor/2020.3.20f1/Editor/Data/Resources/UnitySubsystems
[Subsystems] Discovering subsystems at path C:/Users/jslut/OneDrive/Documents/GitHub/FinalProject01/TheRobotEscape/Assets
GfxDevice: creating device client; threaded=0
Direct3D:
    Version:  Direct3D 11.0 [level 11.1]
    Renderer: Intel(R) UHD Graphics 620 (ID=0x5917)
    Vendor:   
    VRAM:     4013 MB
    Driver:   30.0.100.9563
Initialize mono
Mono path[0] = 'C:/Program Files/Unity/Hub/Editor/2020.3.20f1/Editor/Data/Managed'
Mono path[1] = 'C:/Program Files/Unity/Hub/Editor/2020.3.20f1/Editor/Data/MonoBleedingEdge/lib/mono/unityjit'
Mono config path = 'C:/Program Files/Unity/Hub/Editor/2020.3.20f1/Editor/Data/MonoBleedingEdge/etc'
Using monoOptions --debugger-agent=transport=dt_socket,embedding=1,server=y,suspend=n,address=127.0.0.1:56824
Begin MonoManager ReloadAssembly
Registering precompiled unity dll's ...
Register platform support module: C:/Program Files/Unity/Hub/Editor/2020.3.20f1/Editor/Data/PlaybackEngines/WindowsStandaloneSupport/UnityEditor.WindowsStandalone.Extensions.dll
Registered in 0.003148 seconds.
Native extension for WindowsStandalone target not found
Refreshing native plugins compatible for Editor in 41.86 ms, found 2 plugins.
Preloading 0 native plugins for Editor in 0.00 ms.
Mono: successfully reloaded assembly
- Completed reload, in  1.277 seconds
Domain Reload Profiling:
	ReloadAssembly (1277ms)
		BeginReloadAssembly (76ms)
			ExecutionOrderSort (0ms)
			DisableScriptedObjects (0ms)
			BackupInstance (0ms)
			ReleaseScriptingObjects (0ms)
			CreateAndSetChildDomain (1ms)
		EndReloadAssembly (464ms)
			LoadAssemblies (73ms)
			RebuildTransferFunctionScriptingTraits (0ms)
			SetupTypeCache (171ms)
			ReleaseScriptCaches (0ms)
			RebuildScriptCaches (34ms)
			SetupLoadedEditorAssemblies (174ms)
				LogAssemblyErrors (0ms)
				InitializePlatformSupportModulesInManaged (5ms)
				SetLoadedEditorAssemblies (0ms)
				RefreshPlugins (42ms)
				BeforeProcessingInitializeOnLoad (9ms)
				ProcessInitializeOnLoadAttributes (86ms)
				ProcessInitializeOnLoadMethodAttributes (32ms)
				AfterProcessingInitializeOnLoad (0ms)
				EditorAssembliesLoaded (0ms)
			ExecutionOrderSort2 (0ms)
			AwakeInstancesAfterBackupRestoration (0ms)
Platform modules already initialized, skipping
Registering precompiled user dll's ...
Registered in 0.004835 seconds.
Begin MonoManager ReloadAssembly
Native extension for WindowsStandalone target not found
Refreshing native plugins compatible for Editor in 0.50 ms, found 2 plugins.
Preloading 0 native plugins for Editor in 0.00 ms.
Mono: successfully reloaded assembly
- Completed reload, in  3.888 seconds
Domain Reload Profiling:
	ReloadAssembly (3889ms)
		BeginReloadAssembly (187ms)
			ExecutionOrderSort (0ms)
			DisableScriptedObjects (6ms)
			BackupInstance (0ms)
			ReleaseScriptingObjects (0ms)
			CreateAndSetChildDomain (23ms)
		EndReloadAssembly (3619ms)
			LoadAssemblies (2163ms)
			RebuildTransferFunctionScriptingTraits (0ms)
			SetupTypeCache (412ms)
			ReleaseScriptCaches (0ms)
			RebuildScriptCaches (55ms)
			SetupLoadedEditorAssemblies (893ms)
				LogAssemblyErrors (0ms)
				InitializePlatformSupportModulesInManaged (6ms)
				SetLoadedEditorAssemblies (0ms)
				RefreshPlugins (1ms)
				BeforeProcessingInitializeOnLoad (80ms)
				ProcessInitializeOnLoadAttributes (791ms)
				ProcessInitializeOnLoadMethodAttributes (5ms)
				AfterProcessingInitializeOnLoad (11ms)
				EditorAssembliesLoaded (0ms)
			ExecutionOrderSort2 (0ms)
			AwakeInstancesAfterBackupRestoration (8ms)
Platform modules already initialized, skipping
========================================================================
Worker process is ready to serve import requests
Launched and connected shader compiler UnityShaderCompiler.exe after 0.59 seconds
Refreshing native plugins compatible for Editor in 0.50 ms, found 2 plugins.
Preloading 0 native plugins for Editor in 0.00 ms.
Unloading 1929 Unused Serialized files (Serialized files now loaded: 0)
System memory in use before: 93.2 MB.
System memory in use after: 93.3 MB.

Unloading 17 unused Assets to reduce memory usage. Loaded Objects now: 2380.
Total: 3.849500 ms (FindLiveObjects: 0.240600 ms CreateObjectMapping: 0.077000 ms MarkObjects: 3.408300 ms  DeleteObjects: 0.122300 ms)

AssetImportParameters requested are different than current active one (requested -> active):
  custom:framework-win-MediaFoundation: 216162199b28c13a410421893ffa2e32 -> 
  custom:video-decoder-ogg-theora: a1e56fd34408186e4bbccfd4996cb3dc -> 
  custom:container-muxer-webm: aa71ff27fc2769a1b78a27578f13a17b -> 
  custom:container-demuxer-webm: 4f35f7cbe854078d1ac9338744f61a02 -> 
  custom:container-demuxer-ogg: 62fdf1f143b41e24485cea50d1cbac27 -> 
  custom:video-encoder-webm-vp8: eb34c28f22e8b96e1ab97ce403110664 -> 
  custom:video-decoder-webm-vp8: 9c59270c3fd7afecdb556c50c9e8de78 -> 
  custom:audio-decoder-ogg-vorbis: bf7c407c2cedff20999df2af8eb42d56 -> 
  custom:audio-encoder-webm-vorbis: bf7c407c2cedff20999df2af8eb42d56 -> 
========================================================================
Received Import Request.
  path: Assets/Invector-3rdPersonController_LITE/Resources/banner.png
  artifactKey: Guid(6645ecd309a2a99439549c5cc7b2e480) Importer(815301076,1909f56bfc062723c751e8b465ee728b)
Start importing Assets/Invector-3rdPersonController_LITE/Resources/banner.png using Guid(6645ecd309a2a99439549c5cc7b2e480) Importer(815301076,1909f56bfc062723c751e8b465ee728b)  -> (artifact id: 'c3a849a9643d3fc63bc2f325f1cb6133') in 0.224845 seconds 
  Import took 0.267526 seconds .

========================================================================
Received Import Request.
  Time since last request: 0.000477 seconds.
  path: Assets/Invector-3rdPersonController_LITE/3D Models/Textures/basicTextures/locomotion_statuePlate_NRM.png
  artifactKey: Guid(16e905619e061b540abc01633a41f9fd) Importer(815301076,1909f56bfc062723c751e8b465ee728b)
Start importing Assets/Invector-3rdPersonController_LITE/3D Models/Textures/basicTextures/locomotion_statuePlate_NRM.png using Guid(16e905619e061b540abc01633a41f9fd) Importer(815301076,1909f56bfc062723c751e8b465ee728b)  -> (artifact id: 'e5a5a9b477bee008a7a11c61b36a3a86') in 0.331471 seconds 
  Import took 0.356557 seconds .

========================================================================
Received Import Request.
  Time since last request: 0.000339 seconds.
  path: Assets/Invector-3rdPersonController_LITE/Resources/topdownIcon.png
  artifactKey: Guid(ab3fd36963dd312479c34fbfdc6f98de) Importer(815301076,1909f56bfc062723c751e8b465ee728b)
Start importing Assets/Invector-3rdPersonController_LITE/Resources/topdownIcon.png using Guid(ab3fd36963dd312479c34fbfdc6f98de) Importer(815301076,1909f56bfc062723c751e8b465ee728b)  -> (artifact id: '58ddb11ce4d5851a0fa0758e53d1d682') in 0.046797 seconds 
  Import took 0.092180 seconds .

========================================================================
Received Import Request.
  Time since last request: 0.000407 seconds.
  path: Assets/Invector-3rdPersonController_LITE/Resources/basicLogo.png
  artifactKey: Guid(f75e2b1809ad796469251378de80ccb1) Importer(815301076,1909f56bfc062723c751e8b465ee728b)
Start importing Assets/Invector-3rdPersonController_LITE/Resources/basicLogo.png using Guid(f75e2b1809ad796469251378de80ccb1) Importer(815301076,1909f56bfc062723c751e8b465ee728b)  -> (artifact id: '564da2aa703af2b0ecf33fe670bd65da') in 0.224965 seconds 
  Import took 0.240095 seconds .

========================================================================
Received Import Request.
  Time since last request: 0.000382 seconds.
  path: Assets/Invector-3rdPersonController_LITE/Resources/invectorBanner.png
  artifactKey: Guid(d3c4d19b2099c9943a8f4546fb418f26) Importer(815301076,1909f56bfc062723c751e8b465ee728b)
Start importing Assets/Invector-3rdPersonController_LITE/Resources/invectorBanner.png using Guid(d3c4d19b2099c9943a8f4546fb418f26) Importer(815301076,1909f56bfc062723c751e8b465ee728b)  -> (artifact id: '494cb5ea6afb93a28e526725917c7c9f') in 0.078990 seconds 
  Import took 0.104949 seconds .

========================================================================
Received Import Request.
  Time since last request: 0.000371 seconds.
  path: Assets/Invector-3rdPersonController_LITE/Resources/button_skin.png
  artifactKey: Guid(402805c5625269b49beb34649a86a4d1) Importer(815301076,1909f56bfc062723c751e8b465ee728b)
Start importing Assets/Invector-3rdPersonController_LITE/Resources/button_skin.png using Guid(402805c5625269b49beb34649a86a4d1) Importer(815301076,1909f56bfc062723c751e8b465ee728b)  -> (artifact id: '8c780e9fc87fa77838d767298cdc297f') in 0.051389 seconds 
  Import took 0.055583 seconds .

========================================================================
Received Import Request.
  Time since last request: 0.000314 seconds.
  path: Assets/Invector-3rdPersonController_LITE/3D Models/Textures/basicTextures/Melee-Logo.png
  artifactKey: Guid(afc1f4ecbdcff7748a784b17612054ab) Importer(815301076,1909f56bfc062723c751e8b465ee728b)
Start importing Assets/Invector-3rdPersonController_LITE/3D Models/Textures/basicTextures/Melee-Logo.png using Guid(afc1f4ecbdcff7748a784b17612054ab) Importer(815301076,1909f56bfc062723c751e8b465ee728b)  -> (artifact id: '9e5472964ef0aababe7c9311922a450f') in 0.170126 seconds 
  Import took 0.190980 seconds .

========================================================================
Received Import Request.
  Time since last request: 0.000377 seconds.
  path: Assets/Invector-3rdPersonController_LITE/3D Models/Textures/basicTextures/ShooterBanner.png
  artifactKey: Guid(da1d8fe1ebc7feb4ebb806bd1c168d29) Importer(815301076,1909f56bfc062723c751e8b465ee728b)
Start importing Assets/Invector-3rdPersonController_LITE/3D Models/Textures/basicTextures/ShooterBanner.png using Guid(da1d8fe1ebc7feb4ebb806bd1c168d29) Importer(815301076,1909f56bfc062723c751e8b465ee728b)  -> (artifact id: '86e9cd7e4eb3a206df4b033191077e5d') in 0.059672 seconds 
  Import took 0.063402 seconds .

========================================================================
Received Import Request.
  Time since last request: 0.000353 seconds.
  path: Assets/Invector-3rdPersonController_LITE/Resources/TextAreaSkin.png
  artifactKey: Guid(d5bee62c9974267469602e2c42dda181) Importer(815301076,1909f56bfc062723c751e8b465ee728b)
Start importing Assets/Invector-3rdPersonController_LITE/Resources/TextAreaSkin.png using Guid(d5bee62c9974267469602e2c42dda181) Importer(815301076,1909f56bfc062723c751e8b465ee728b)  -> (artifact id: '7616ec48a52d840fde8f23039c57ccd1') in 0.032391 seconds 
  Import took 0.041640 seconds .

========================================================================
Received Import Request.
  Time since last request: 0.000400 seconds.
  path: Assets/Invector-3rdPersonController_LITE/Resources/swimmingAddon.png
  artifactKey: Guid(177313a88df715742a9552ff5f743007) Importer(815301076,1909f56bfc062723c751e8b465ee728b)
Start importing Assets/Invector-3rdPersonController_LITE/Resources/swimmingAddon.png using Guid(177313a88df715742a9552ff5f743007) Importer(815301076,1909f56bfc062723c751e8b465ee728b)  -> (artifact id: 'd768d6f435874ecf7b92c53f97d20fb3') in 0.111289 seconds 
  Import took 0.160665 seconds .

========================================================================
Received Import Request.
  Time since last request: 0.000313 seconds.
  path: Assets/Invector-3rdPersonController_LITE/3D Models/Textures/basicTextures/melee_statuePlate_Melee_NRM.png
  artifactKey: Guid(359c515ad14f14347b1510d182727c48) Importer(815301076,1909f56bfc062723c751e8b465ee728b)
Start importing Assets/Invector-3rdPersonController_LITE/3D Models/Textures/basicTextures/melee_statuePlate_Melee_NRM.png using Guid(359c515ad14f14347b1510d182727c48) Importer(815301076,1909f56bfc062723c751e8b465ee728b)  -> (artifact id: 'aa9da8d430745446af6e90fb2974259b') in 0.062472 seconds 
  Import took 0.073824 seconds .

========================================================================
Received Import Request.
  Time since last request: 0.000400 seconds.
  path: Assets/Invector-3rdPersonController_LITE/3D Models/Textures/basicTextures/blockIcon.png
  artifactKey: Guid(498ddc6b2c84e9147b87bfbcc05aecdd) Importer(815301076,1909f56bfc062723c751e8b465ee728b)
Start importing Assets/Invector-3rdPersonController_LITE/3D Models/Textures/basicTextures/blockIcon.png using Guid(498ddc6b2c84e9147b87bfbcc05aecdd) Importer(815301076,1909f56bfc062723c751e8b465ee728b)  -> (artifact id: '645495fbf3b1dba8719f58db6bcb0a32') in 0.052035 seconds 
  Import took 0.087041 seconds .

========================================================================
Received Import Request.
  Time since last request: 0.000384 seconds.
  path: Assets/Invector-3rdPersonController_LITE/Resources/templatesPromo.jpg
  artifactKey: Guid(38ad7ac5d5d785146a42d2dc6e4f7e42) Importer(815301076,1909f56bfc062723c751e8b465ee728b)
Start importing Assets/Invector-3rdPersonController_LITE/Resources/templatesPromo.jpg using Guid(38ad7ac5d5d785146a42d2dc6e4f7e42) Importer(815301076,1909f56bfc062723c751e8b465ee728b)  -> (artifact id: 'eecb3736df639e78d6c5b3689abdc12d') in 0.096818 seconds 
  Import took 0.123954 seconds .

========================================================================
Received Import Request.
  Time since last request: 0.000333 seconds.
  path: Assets/Invector-3rdPersonController_LITE/Resources/Unity-Asset-Store.png
  artifactKey: Guid(8b7dd3bdbf0ec2a4ab988f5f041c32c8) Importer(815301076,1909f56bfc062723c751e8b465ee728b)
Start importing Assets/Invector-3rdPersonController_LITE/Resources/Unity-Asset-Store.png using Guid(8b7dd3bdbf0ec2a4ab988f5f041c32c8) Importer(815301076,1909f56bfc062723c751e8b465ee728b)  -> (artifact id: '91984c49acea735a6c70fe5c2ff570af') in 0.258629 seconds 
  Import took 0.262047 seconds .

========================================================================
Received Import Request.
  Time since last request: 0.000314 seconds.
  path: Assets/Invector-3rdPersonController_LITE/3D Models/Textures/basicTextures/locomotion_statuePlate_NRM2.png
  artifactKey: Guid(7383eb6f15010bb4dab02061848e6535) Importer(815301076,1909f56bfc062723c751e8b465ee728b)
Start importing Assets/Invector-3rdPersonController_LITE/3D Models/Textures/basicTextures/locomotion_statuePlate_NRM2.png using Guid(7383eb6f15010bb4dab02061848e6535) Importer(815301076,1909f56bfc062723c751e8b465ee728b)  -> (artifact id: '285d0aeba1df1bf9667696a42fc8bcec') in 0.081862 seconds 
  Import took 0.103811 seconds .

========================================================================
Received Import Request.
  Time since last request: 0.000345 seconds.
  path: Assets/Invector-3rdPersonController_LITE/Resources/BoxShadown.png
  artifactKey: Guid(619921f8b2787f54e8198bd8b9b6ef0b) Importer(815301076,1909f56bfc062723c751e8b465ee728b)
Start importing Assets/Invector-3rdPersonController_LITE/Resources/BoxShadown.png using Guid(619921f8b2787f54e8198bd8b9b6ef0b) Importer(815301076,1909f56bfc062723c751e8b465ee728b)  -> (artifact id: 'd6344bb27863542c0a2b2cf144212caa') in 0.027609 seconds 
  Import took 0.035743 seconds .

========================================================================
Received Import Request.
  Time since last request: 0.001265 seconds.
  path: Assets/Invector-3rdPersonController_LITE/Resources/BarBg.png
  artifactKey: Guid(0085f005184a4064690308838d1f3c3a) Importer(815301076,1909f56bfc062723c751e8b465ee728b)
Start importing Assets/Invector-3rdPersonController_LITE/Resources/BarBg.png using Guid(0085f005184a4064690308838d1f3c3a) Importer(815301076,1909f56bfc062723c751e8b465ee728b)  -> (artifact id: 'c6324df679d7e6fcae51bd79bac1ef05') in 0.038566 seconds 
  Import took 0.044506 seconds .

========================================================================
Received Import Request.
  Time since last request: 0.000397 seconds.
  path: Assets/Invector-3rdPersonController_LITE/Resources/builderAddon.png
  artifactKey: Guid(e292a6d3c6f4e7640849f34d8ba9dd4c) Importer(815301076,1909f56bfc062723c751e8b465ee728b)
Start importing Assets/Invector-3rdPersonController_LITE/Resources/builderAddon.png using Guid(e292a6d3c6f4e7640849f34d8ba9dd4c) Importer(815301076,1909f56bfc062723c751e8b465ee728b)  -> (artifact id: '2eaf17c316b5ec0191b96070a6088e63') in 0.053752 seconds 
  Import took 0.058265 seconds .

========================================================================
Received Import Request.
  Time since last request: 0.000261 seconds.
  path: Assets/Invector-3rdPersonController_LITE/3D Models/Textures/prototype_textures/blue_floor_Tiled 1.mat
  artifactKey: Guid(50379933e8dbabe4eb6d36e41aec0185) Importer(815301076,1909f56bfc062723c751e8b465ee728b)
Start importing Assets/Invector-3rdPersonController_LITE/3D Models/Textures/prototype_textures/blue_floor_Tiled 1.mat using Guid(50379933e8dbabe4eb6d36e41aec0185) Importer(815301076,1909f56bfc062723c751e8b465ee728b)  -> (artifact id: 'b539f3a3565f56a620a654c2daf12eac') in 0.781219 seconds 
  Import took 0.785353 seconds .

========================================================================
Received Import Request.
  Time since last request: 0.000398 seconds.
  path: Assets/Invector-3rdPersonController_LITE/Resources/climbAddon.png
  artifactKey: Guid(7dab9951a4483be4c9d25bc3e32f9f85) Importer(815301076,1909f56bfc062723c751e8b465ee728b)
Start importing Assets/Invector-3rdPersonController_LITE/Resources/climbAddon.png using Guid(7dab9951a4483be4c9d25bc3e32f9f85) Importer(815301076,1909f56bfc062723c751e8b465ee728b)  -> (artifact id: '85a73bace83cd32e0c7328c4c3067d78') in 0.089637 seconds 
  Import took 0.110491 seconds .

========================================================================
Received Import Request.
  Time since last request: 0.000416 seconds.
  path: Assets/Invector-3rdPersonController_LITE/Resources/clickToMoveIcon.png
  artifactKey: Guid(6f4828d9e447f524f8fdc4f4fe331c0d) Importer(815301076,1909f56bfc062723c751e8b465ee728b)
Start importing Assets/Invector-3rdPersonController_LITE/Resources/clickToMoveIcon.png using Guid(6f4828d9e447f524f8fdc4f4fe331c0d) Importer(815301076,1909f56bfc062723c751e8b465ee728b)  -> (artifact id: '8515e444efc872388a42b66f8f5fc8f7') in 0.017299 seconds 
  Import took 0.021490 seconds .

========================================================================
Received Import Request.
  Time since last request: 0.000322 seconds.
  path: Assets/Invector-3rdPersonController_LITE/Resources/BoxHover.png
  artifactKey: Guid(66ea7f6b43ba67c438c6ecebcc5a5c0c) Importer(815301076,1909f56bfc062723c751e8b465ee728b)
Start importing Assets/Invector-3rdPersonController_LITE/Resources/BoxHover.png using Guid(66ea7f6b43ba67c438c6ecebcc5a5c0c) Importer(815301076,1909f56bfc062723c751e8b465ee728b)  -> (artifact id: '02dee53be606e939e9ccefd58573c3dc') in 0.037891 seconds 
  Import took 0.060942 seconds .

========================================================================
Received Import Request.
  Time since last request: 0.000418 seconds.
  path: Assets/Invector-3rdPersonController_LITE/3D Models/Textures/basicTextures/locomotion_statuePlate_OCC2.png
  artifactKey: Guid(c0dc1d586d3eb134583639343a494d3e) Importer(815301076,1909f56bfc062723c751e8b465ee728b)
Start importing Assets/Invector-3rdPersonController_LITE/3D Models/Textures/basicTextures/locomotion_statuePlate_OCC2.png using Guid(c0dc1d586d3eb134583639343a494d3e) Importer(815301076,1909f56bfc062723c751e8b465ee728b)  -> (artifact id: '533b25c5ba98b89d369d6db533066006') in 0.054210 seconds 
  Import took 0.085343 seconds .

========================================================================
Received Import Request.
  Time since last request: 0.000365 seconds.
  path: Assets/Scenes/worn-factory-siding-unity/worn-factory-siding_normal-ogl.png
  artifactKey: Guid(5f2c53681e1e1d545830a7061427b6d8) Importer(815301076,1909f56bfc062723c751e8b465ee728b)
Start importing Assets/Scenes/worn-factory-siding-unity/worn-factory-siding_normal-ogl.png using Guid(5f2c53681e1e1d545830a7061427b6d8) Importer(815301076,1909f56bfc062723c751e8b465ee728b)  -> (artifact id: '7ba008bb1b6ad5e6366aef73e062efdc') in 0.017791 seconds 
  Import took 0.023091 seconds .

========================================================================
Received Import Request.
  Time since last request: 0.000365 seconds.
  path: Assets/Invector-3rdPersonController_LITE/Resources/LightBox.png
  artifactKey: Guid(494fe6d88cfabef49b7578a4c0be1e39) Importer(815301076,1909f56bfc062723c751e8b465ee728b)
Start importing Assets/Invector-3rdPersonController_LITE/Resources/LightBox.png using Guid(494fe6d88cfabef49b7578a4c0be1e39) Importer(815301076,1909f56bfc062723c751e8b465ee728b)  -> (artifact id: 'dd810fbca784dcc3621178b6c61ca3b6') in 0.018800 seconds 
  Import took 0.025824 seconds .

========================================================================
Received Import Request.
  Time since last request: 0.000304 seconds.
  path: Assets/Invector-3rdPersonController_LITE/3D Models/Textures/basicTextures/locomotion_statuePlate_OCC.png
  artifactKey: Guid(94a770ce9e5b3e14093766c4198379cd) Importer(815301076,1909f56bfc062723c751e8b465ee728b)
Start importing Assets/Invector-3rdPersonController_LITE/3D Models/Textures/basicTextures/locomotion_statuePlate_OCC.png using Guid(94a770ce9e5b3e14093766c4198379cd) Importer(815301076,1909f56bfc062723c751e8b465ee728b)  -> (artifact id: 'd210118bcc784a5443ee87f81573faaa') in 0.042668 seconds 
  Import took 0.048358 seconds .

========================================================================
Received Import Request.
  Time since last request: 0.001094 seconds.
  path: Assets/Invector-3rdPersonController_LITE/Resources/hightlightBox.png
  artifactKey: Guid(5dfcf9622f12816418d439efe678683a) Importer(815301076,1909f56bfc062723c751e8b465ee728b)
Start importing Assets/Invector-3rdPersonController_LITE/Resources/hightlightBox.png using Guid(5dfcf9622f12816418d439efe678683a) Importer(815301076,1909f56bfc062723c751e8b465ee728b)  -> (artifact id: 'a9ead7db28ebfbd501e222de7872ec79') in 0.044670 seconds 
  Import took 0.076744 seconds .

========================================================================
Received Import Request.
  Time since last request: 0.000369 seconds.
  path: Assets/Invector-3rdPersonController_LITE/Resources/stealthKillAddon.png
  artifactKey: Guid(5f31421fa86e2154995a12ee87a8d724) Importer(815301076,1909f56bfc062723c751e8b465ee728b)
Start importing Assets/Invector-3rdPersonController_LITE/Resources/stealthKillAddon.png using Guid(5f31421fa86e2154995a12ee87a8d724) Importer(815301076,1909f56bfc062723c751e8b465ee728b)  -> (artifact id: 'ca635cf7392b75797483d1fa5f2d98e8') in 0.050330 seconds 
  Import took 0.054339 seconds .

========================================================================
Received Import Request.
  Time since last request: 0.000359 seconds.
  path: Assets/Scenes/worn-factory-siding-unity/worn-factory-siding_ao.png
  artifactKey: Guid(f0632624065541d4f9ed80b56573e848) Importer(815301076,1909f56bfc062723c751e8b465ee728b)
Start importing Assets/Scenes/worn-factory-siding-unity/worn-factory-siding_ao.png using Guid(f0632624065541d4f9ed80b56573e848) Importer(815301076,1909f56bfc062723c751e8b465ee728b)  -> (artifact id: 'e5e69eeb78694658aa3d1e76b9c6f496') in 0.015889 seconds 
  Import took 0.020618 seconds .

========================================================================
Received Import Request.
  Time since last request: 0.000349 seconds.
  path: Assets/Invector-3rdPersonController_LITE/Resources/logo.png
  artifactKey: Guid(b41c20f228db90a4b8a48d3585f54c4c) Importer(815301076,1909f56bfc062723c751e8b465ee728b)
Start importing Assets/Invector-3rdPersonController_LITE/Resources/logo.png using Guid(b41c20f228db90a4b8a48d3585f54c4c) Importer(815301076,1909f56bfc062723c751e8b465ee728b)  -> (artifact id: '622fc559306740add854ce6ee459a508') in 0.069128 seconds 
  Import took 0.073790 seconds .

========================================================================
Received Import Request.
  Time since last request: 0.000341 seconds.
  path: Assets/Invector-3rdPersonController_LITE/Resources/customBox.png
  artifactKey: Guid(852a86a871b25ff4ea50a13a4c391999) Importer(815301076,1909f56bfc062723c751e8b465ee728b)
Start importing Assets/Invector-3rdPersonController_LITE/Resources/customBox.png using Guid(852a86a871b25ff4ea50a13a4c391999) Importer(815301076,1909f56bfc062723c751e8b465ee728b)  -> (artifact id: '927b80904d0fbb21676744c08ed477e1') in 0.020243 seconds 
  Import took 0.026410 seconds .

========================================================================
Received Import Request.
  Time since last request: 0.000367 seconds.
  path: Assets/Invector-3rdPersonController_LITE/Resources/Box.png
  artifactKey: Guid(74661375bb0a1fd42bb3297c24c9e2c5) Importer(815301076,1909f56bfc062723c751e8b465ee728b)
Start importing Assets/Invector-3rdPersonController_LITE/Resources/Box.png using Guid(74661375bb0a1fd42bb3297c24c9e2c5) Importer(815301076,1909f56bfc062723c751e8b465ee728b)  -> (artifact id: '7dce2a1272924b390cff2ee694401956') in 0.016914 seconds 
  Import took 0.026280 seconds .

========================================================================
Received Import Request.
  Time since last request: 0.000328 seconds.
  path: Assets/Invector-3rdPersonController_LITE/Resources/square.png
  artifactKey: Guid(f981fdad814cbfb43969712c51317bae) Importer(815301076,1909f56bfc062723c751e8b465ee728b)
Start importing Assets/Invector-3rdPersonController_LITE/Resources/square.png using Guid(f981fdad814cbfb43969712c51317bae) Importer(815301076,1909f56bfc062723c751e8b465ee728b)  -> (artifact id: 'a636c56e9b7311559a33086d0bb22e11') in 0.123964 seconds 
  Import took 0.155580 seconds .

========================================================================
Received Import Request.
  Time since last request: 0.000439 seconds.
  path: Assets/Scenes/worn-factory-siding-unity/worn-factory-siding_metallic.psd
  artifactKey: Guid(2826f1d0f2aaaa3418b60ce7838b5cde) Importer(815301076,1909f56bfc062723c751e8b465ee728b)
Start importing Assets/Scenes/worn-factory-siding-unity/worn-factory-siding_metallic.psd using Guid(2826f1d0f2aaaa3418b60ce7838b5cde) Importer(815301076,1909f56bfc062723c751e8b465ee728b)  -> (artifact id: 'fbfcfea82ba845ac7f27383967e84605') in 0.069076 seconds 
  Import took 0.073981 seconds .

========================================================================
Received Import Request.
  Time since last request: 0.000382 seconds.
  path: Assets/Invector-3rdPersonController_LITE/Resources/platformIcon.png
  artifactKey: Guid(37bf633cb5edb2145bc588e6afc98e70) Importer(815301076,1909f56bfc062723c751e8b465ee728b)
Start importing Assets/Invector-3rdPersonController_LITE/Resources/platformIcon.png using Guid(37bf633cb5edb2145bc588e6afc98e70) Importer(815301076,1909f56bfc062723c751e8b465ee728b)  -> (artifact id: 'ce5897e24e8a884c27be5cfa9ed3c9c4') in 0.041914 seconds 
  Import took 0.046658 seconds .

========================================================================
Received Import Request.
  Time since last request: 0.000378 seconds.
  path: Assets/Invector-3rdPersonController_LITE/Resources/boxLight.png
  artifactKey: Guid(9343ecc466b190245b24789e1fc2f085) Importer(815301076,1909f56bfc062723c751e8b465ee728b)
Start importing Assets/Invector-3rdPersonController_LITE/Resources/boxLight.png using Guid(9343ecc466b190245b24789e1fc2f085) Importer(815301076,1909f56bfc062723c751e8b465ee728b)  -> (artifact id: '5ff620cae6995c161b99b537c4dd9cd6') in 0.037795 seconds 
  Import took 0.042375 seconds .

========================================================================
Received Import Request.
  Time since last request: 0.000275 seconds.
  path: Assets/Invector-3rdPersonController_LITE/3D Models/Textures/basicTextures/MeleeBanner.png
  artifactKey: Guid(9cebd6075f56577458723853ac7365bb) Importer(815301076,1909f56bfc062723c751e8b465ee728b)
Start importing Assets/Invector-3rdPersonController_LITE/3D Models/Textures/basicTextures/MeleeBanner.png using Guid(9cebd6075f56577458723853ac7365bb) Importer(815301076,1909f56bfc062723c751e8b465ee728b)  -> (artifact id: 'd63ad67f8d8e1d2e475580f16e45f4e5') in 0.108389 seconds 
  Import took 0.111913 seconds .

========================================================================
Received Import Request.
  Time since last request: 0.000369 seconds.
  path: Assets/Invector-3rdPersonController_LITE/Resources/icon_v2.png
  artifactKey: Guid(0536d8ada72a6ac4695386ea4bcd1ebe) Importer(815301076,1909f56bfc062723c751e8b465ee728b)
Start importing Assets/Invector-3rdPersonController_LITE/Resources/icon_v2.png using Guid(0536d8ada72a6ac4695386ea4bcd1ebe) Importer(815301076,1909f56bfc062723c751e8b465ee728b)  -> (artifact id: 'bb3e5b119eaa0fd8185bbdc824e5d138') in 0.018956 seconds 
  Import took 0.023092 seconds .

========================================================================
Received Import Request.
  Time since last request: 0.000443 seconds.
  path: Assets/Invector-3rdPersonController_LITE/Resources/mobileIcon.png
  artifactKey: Guid(a6b51ebd9c9022e469a9fed765f63938) Importer(815301076,1909f56bfc062723c751e8b465ee728b)
Start importing Assets/Invector-3rdPersonController_LITE/Resources/mobileIcon.png using Guid(a6b51ebd9c9022e469a9fed765f63938) Importer(815301076,1909f56bfc062723c751e8b465ee728b)  -> (artifact id: 'e8dfbbcb5f5907112956ecbf13ec47ed') in 0.040869 seconds 
  Import took 0.061868 seconds .

========================================================================
Received Import Request.
  Time since last request: 0.000391 seconds.
  path: Assets/Invector-3rdPersonController_LITE/3D Models/Textures/basicTextures/LocomotionBanner.png
  artifactKey: Guid(dd1915137afa94443a016d1aee79f91b) Importer(815301076,1909f56bfc062723c751e8b465ee728b)
Start importing Assets/Invector-3rdPersonController_LITE/3D Models/Textures/basicTextures/LocomotionBanner.png using Guid(dd1915137afa94443a016d1aee79f91b) Importer(815301076,1909f56bfc062723c751e8b465ee728b)  -> (artifact id: '725056bdbc15a3d9ddc7236238126b3d') in 0.117295 seconds 
  Import took 0.123129 seconds .

========================================================================
Received Import Request.
  Time since last request: 0.000363 seconds.
  path: Assets/Scenes/worn-factory-siding-unity/worn-factory-siding_preview.jpg
  artifactKey: Guid(9b2a148ef185971498cbfc6a06df9b6c) Importer(815301076,1909f56bfc062723c751e8b465ee728b)
Start importing Assets/Scenes/worn-factory-siding-unity/worn-factory-siding_preview.jpg using Guid(9b2a148ef185971498cbfc6a06df9b6c) Importer(815301076,1909f56bfc062723c751e8b465ee728b)  -> (artifact id: 'e42c03c98f29fc80813736d4bdb9118b') in 0.017440 seconds 
  Import took 0.044131 seconds .

========================================================================
Received Import Request.
  Time since last request: 0.000429 seconds.
  path: Assets/Invector-3rdPersonController_LITE/Resources/templatesFeatures.png
  artifactKey: Guid(538243fb8b0699040a432eadb25c0864) Importer(815301076,1909f56bfc062723c751e8b465ee728b)
Start importing Assets/Invector-3rdPersonController_LITE/Resources/templatesFeatures.png using Guid(538243fb8b0699040a432eadb25c0864) Importer(815301076,1909f56bfc062723c751e8b465ee728b)  -> (artifact id: '4aac4c77bd90f515e4deb6ec26ee46d0') in 0.155664 seconds 
  Import took 0.160559 seconds .

========================================================================
Received Import Request.
  Time since last request: 0.000398 seconds.
  path: Assets/Scenes/worn-factory-siding-unity/worn-factory-siding_height.png
  artifactKey: Guid(09880cec1745882448b525f8df858623) Importer(815301076,1909f56bfc062723c751e8b465ee728b)
Start importing Assets/Scenes/worn-factory-siding-unity/worn-factory-siding_height.png using Guid(09880cec1745882448b525f8df858623) Importer(815301076,1909f56bfc062723c751e8b465ee728b)  -> (artifact id: '002fc17e41bd343aa147751bdeabdacc') in 0.017428 seconds 
  Import took 0.045351 seconds .

========================================================================
Received Import Request.
  Time since last request: 0.000382 seconds.
  path: Assets/Scenes/worn-factory-siding-unity/worn-factory-siding_albedo.png
  artifactKey: Guid(f9af4916e8824294fa88d74ece6e63eb) Importer(815301076,1909f56bfc062723c751e8b465ee728b)
Start importing Assets/Scenes/worn-factory-siding-unity/worn-factory-siding_albedo.png using Guid(f9af4916e8824294fa88d74ece6e63eb) Importer(815301076,1909f56bfc062723c751e8b465ee728b)  -> (artifact id: 'b4cc7b9b9de2a2a47f0542c631265586') in 0.017814 seconds 
  Import took 0.022054 seconds .

========================================================================
Received Import Request.
  Time since last request: 23.693675 seconds.
  path: Packages/com.unity.probuilder/Content/Resources/Textures/GridBox_Default.png
  artifactKey: Guid(6344bf96fbda94141a525046d088fb23) Importer(815301076,1909f56bfc062723c751e8b465ee728b)
Start importing Packages/com.unity.probuilder/Content/Resources/Textures/GridBox_Default.png using Guid(6344bf96fbda94141a525046d088fb23) Importer(815301076,1909f56bfc062723c751e8b465ee728b)  -> (artifact id: 'b0d047d03561b9fd36435b1b6ba1eabc') in 0.071960 seconds 
  Import took 0.076944 seconds .

========================================================================
Received Import Request.
  Time since last request: 28.043959 seconds.
  path: Assets/Scenes/worn-factory-siding-unity
  artifactKey: Guid(276711b11d57c1b45bb96c33f346a4d2) Importer(815301076,1909f56bfc062723c751e8b465ee728b)
Start importing Assets/Scenes/worn-factory-siding-unity using Guid(276711b11d57c1b45bb96c33f346a4d2) Importer(815301076,1909f56bfc062723c751e8b465ee728b)  -> (artifact id: '79bb49d2b4a3d7e5d31748dff3bbe8e5') in 0.005334 seconds 
  Import took 0.011176 seconds .

========================================================================
Received Import Request.
  Time since last request: 52.673280 seconds.
  path: Assets/Scenes/worn-factory-siding-unity/Walls.mat
  artifactKey: Guid(3791d1440c0831a44b53a0ade690e474) Importer(815301076,1909f56bfc062723c751e8b465ee728b)
Start importing Assets/Scenes/worn-factory-siding-unity/Walls.mat using Guid(3791d1440c0831a44b53a0ade690e474) Importer(815301076,1909f56bfc062723c751e8b465ee728b)  -> (artifact id: 'de5b9e88756087bce14b6a579d753412') in 0.020916 seconds 
  Import took 0.026867 seconds .

========================================================================
Received Import Request.
  Time since last request: 328.125980 seconds.
  path: Assets/rustediron1-alt2-Unity
  artifactKey: Guid(13a486d1521a56743abcb022ab51c39d) Importer(815301076,1909f56bfc062723c751e8b465ee728b)
Start importing Assets/rustediron1-alt2-Unity using Guid(13a486d1521a56743abcb022ab51c39d) Importer(815301076,1909f56bfc062723c751e8b465ee728b)  -> (artifact id: '7d4b7de4fc7580e1357e120f0ca7af04') in 0.005866 seconds 
  Import took 0.057477 seconds .

========================================================================
Received Import Request.
  Time since last request: 1.482925 seconds.
  path: Assets/rustediron1-alt2-Unity/rustediron2_basecolor.png
  artifactKey: Guid(6a97b0006da1ce64b89c029c96139e53) Importer(815301076,1909f56bfc062723c751e8b465ee728b)
Start importing Assets/rustediron1-alt2-Unity/rustediron2_basecolor.png using Guid(6a97b0006da1ce64b89c029c96139e53) Importer(815301076,1909f56bfc062723c751e8b465ee728b)  -> (artifact id: 'fb9d7ca36e56dd72e00f5118205527e8') in 0.014786 seconds 
  Import took 0.019382 seconds .

========================================================================
Received Import Request.
  Time since last request: 0.000315 seconds.
  path: Assets/rustediron1-alt2-Unity/rustediron2_normal.png
  artifactKey: Guid(1dbac542977871c43a699d3a16d93ede) Importer(815301076,1909f56bfc062723c751e8b465ee728b)
Start importing Assets/rustediron1-alt2-Unity/rustediron2_normal.png using Guid(1dbac542977871c43a699d3a16d93ede) Importer(815301076,1909f56bfc062723c751e8b465ee728b)  -> (artifact id: '23b163f55d0fd2ae09226c5e41e2c97c') in 0.016749 seconds 
  Import took 0.022320 seconds .

========================================================================
Received Import Request.
  Time since last request: 0.000321 seconds.
  path: Assets/rustediron1-alt2-Unity/rustediron2_metallic.psd
  artifactKey: Guid(e8f293028b999f540bd18dc87fabdc4b) Importer(815301076,1909f56bfc062723c751e8b465ee728b)
Start importing Assets/rustediron1-alt2-Unity/rustediron2_metallic.psd using Guid(e8f293028b999f540bd18dc87fabdc4b) Importer(815301076,1909f56bfc062723c751e8b465ee728b)  -> (artifact id: 'c2ec85eeb4e3ef3f9d2fc48d8fca8c04') in 0.030830 seconds 
  Import took 0.035482 seconds .

========================================================================
Received Import Request.
  Time since last request: 16.260817 seconds.
  path: Assets/rustediron1-alt2-Unity/Inner Wall.mat
  artifactKey: Guid(9b4133025eef44444b4324a1da6b411e) Importer(815301076,1909f56bfc062723c751e8b465ee728b)
Start importing Assets/rustediron1-alt2-Unity/Inner Wall.mat using Guid(9b4133025eef44444b4324a1da6b411e) Importer(815301076,1909f56bfc062723c751e8b465ee728b)  -> (artifact id: 'f39090f876046a4f1567371f33334e15') in 0.018128 seconds 
  Import took 0.139888 seconds .

========================================================================
Received Import Request.
  Time since last request: 211.257398 seconds.
  path: Assets/dash-lined-metal1-unity
  artifactKey: Guid(7caa7465929b26847b5b1c64c2ff3aa4) Importer(815301076,1909f56bfc062723c751e8b465ee728b)
Start importing Assets/dash-lined-metal1-unity using Guid(7caa7465929b26847b5b1c64c2ff3aa4) Importer(815301076,1909f56bfc062723c751e8b465ee728b)  -> (artifact id: '45e6e7974a11eecaca85fe1298eb2701') in 0.005298 seconds 
  Import took 0.185297 seconds .

========================================================================
Received Import Request.
  Time since last request: 1.451165 seconds.
  path: Assets/dash-lined-metal1-unity/dash-lined-metal1-unity
  artifactKey: Guid(729a093df273d3c4eb53b2a935c6644b) Importer(815301076,1909f56bfc062723c751e8b465ee728b)
Start importing Assets/dash-lined-metal1-unity/dash-lined-metal1-unity using Guid(729a093df273d3c4eb53b2a935c6644b) Importer(815301076,1909f56bfc062723c751e8b465ee728b)  -> (artifact id: 'a93113aa6661c0067d0c9eb6e40fc560') in 0.005452 seconds 
  Import took 0.080895 seconds .

========================================================================
Received Import Request.
  Time since last request: 0.020190 seconds.
  path: Assets/dash-lined-metal1-unity/dash-lined-metal1-unity/dash-lined-metal_albedo.png
  artifactKey: Guid(7234570eb82007c469ff04e6b9429291) Importer(815301076,1909f56bfc062723c751e8b465ee728b)
Start importing Assets/dash-lined-metal1-unity/dash-lined-metal1-unity/dash-lined-metal_albedo.png using Guid(7234570eb82007c469ff04e6b9429291) Importer(815301076,1909f56bfc062723c751e8b465ee728b)  -> (artifact id: '8e00290250500c86d1ef4a4bc895b5fd') in 0.027827 seconds 
  Import took 0.032879 seconds .

========================================================================
Received Import Request.
  Time since last request: 0.000354 seconds.
  path: Assets/dash-lined-metal1-unity/dash-lined-metal1-unity/dash-lined-metal_metallic.psd
  artifactKey: Guid(a9f3c5731fdc2a940a622cca982f37ee) Importer(815301076,1909f56bfc062723c751e8b465ee728b)
Start importing Assets/dash-lined-metal1-unity/dash-lined-metal1-unity/dash-lined-metal_metallic.psd using Guid(a9f3c5731fdc2a940a622cca982f37ee) Importer(815301076,1909f56bfc062723c751e8b465ee728b)  -> (artifact id: 'ebbefc820790569a72a536b95e4a3bd4') in 0.024356 seconds 
  Import took 0.035966 seconds .

========================================================================
Received Import Request.
  Time since last request: 0.000389 seconds.
  path: Assets/dash-lined-metal1-unity/dash-lined-metal1-unity/dash-lined-metal_ao.png
  artifactKey: Guid(3c7fb41ab51236648b3c399f5ef9607e) Importer(815301076,1909f56bfc062723c751e8b465ee728b)
Start importing Assets/dash-lined-metal1-unity/dash-lined-metal1-unity/dash-lined-metal_ao.png using Guid(3c7fb41ab51236648b3c399f5ef9607e) Importer(815301076,1909f56bfc062723c751e8b465ee728b)  -> (artifact id: 'aa3e238c3f808750c448e8f0fbc2dc8c') in 0.017891 seconds 
  Import took 0.023412 seconds .

========================================================================
Received Import Request.
  Time since last request: 0.000375 seconds.
  path: Assets/dash-lined-metal1-unity/dash-lined-metal1-unity/dash-lined-metal_preview.jpg
  artifactKey: Guid(f3b0da201ecbd4a4eab60788480b22c0) Importer(815301076,1909f56bfc062723c751e8b465ee728b)
Start importing Assets/dash-lined-metal1-unity/dash-lined-metal1-unity/dash-lined-metal_preview.jpg using Guid(f3b0da201ecbd4a4eab60788480b22c0) Importer(815301076,1909f56bfc062723c751e8b465ee728b)  -> (artifact id: 'fe69bf030a0805a0e65d7ef0ce6dcf47') in 0.019265 seconds 
  Import took 0.024892 seconds .

========================================================================
Received Import Request.
  Time since last request: 0.000295 seconds.
  path: Assets/dash-lined-metal1-unity/dash-lined-metal1-unity/dash-lined-metal_height.png
  artifactKey: Guid(1192bdc9182b0ec4ab1584288950ad16) Importer(815301076,1909f56bfc062723c751e8b465ee728b)
Start importing Assets/dash-lined-metal1-unity/dash-lined-metal1-unity/dash-lined-metal_height.png using Guid(1192bdc9182b0ec4ab1584288950ad16) Importer(815301076,1909f56bfc062723c751e8b465ee728b)  -> (artifact id: '8abc9521f8766e02f80c31acc92d6a6f') in 0.023675 seconds 
  Import took 0.030246 seconds .

========================================================================
Received Import Request.
  Time since last request: 0.000556 seconds.
  path: Assets/dash-lined-metal1-unity/dash-lined-metal1-unity/dash-lined-metal_normal-ogl.png
  artifactKey: Guid(7fc01ac670d66f14d8d7a39a28956bb3) Importer(815301076,1909f56bfc062723c751e8b465ee728b)
Start importing Assets/dash-lined-metal1-unity/dash-lined-metal1-unity/dash-lined-metal_normal-ogl.png using Guid(7fc01ac670d66f14d8d7a39a28956bb3) Importer(815301076,1909f56bfc062723c751e8b465ee728b)  -> (artifact id: '192dd96796c850524b5a264e89b29f55') in 0.017968 seconds 
  Import took 0.028468 seconds .

========================================================================
Received Import Request.
  Time since last request: 8.425750 seconds.
  path: Assets/dash-lined-metal1-unity/dash-lined-metal1-unity/Wall2.mat
  artifactKey: Guid(2ab22aebf62b00d4da52bd403fdeae9e) Importer(815301076,1909f56bfc062723c751e8b465ee728b)
Start importing Assets/dash-lined-metal1-unity/dash-lined-metal1-unity/Wall2.mat using Guid(2ab22aebf62b00d4da52bd403fdeae9e) Importer(815301076,1909f56bfc062723c751e8b465ee728b)  -> (artifact id: 'f1520f7789289bc93aeb1b7a87b3651e') in 0.015174 seconds 
  Import took 0.020643 seconds .

========================================================================
Received Import Request.
  Time since last request: 349.893745 seconds.
  path: Assets/dirty-tile-unity
  artifactKey: Guid(6312c830aa185b34f9bf0978c9d8bcba) Importer(815301076,1909f56bfc062723c751e8b465ee728b)
Start importing Assets/dirty-tile-unity using Guid(6312c830aa185b34f9bf0978c9d8bcba) Importer(815301076,1909f56bfc062723c751e8b465ee728b)  -> (artifact id: 'd25584b4f24d12e7cfefe16ce8590de6') in 0.007909 seconds 
  Import took 0.015412 seconds .

========================================================================
Received Import Request.
  Time since last request: 1.542406 seconds.
  path: Assets/dirty-tile-unity/dirty-tile-unity
  artifactKey: Guid(4506a3da3d581634c96465fcd501b59d) Importer(815301076,1909f56bfc062723c751e8b465ee728b)
Start importing Assets/dirty-tile-unity/dirty-tile-unity using Guid(4506a3da3d581634c96465fcd501b59d) Importer(815301076,1909f56bfc062723c751e8b465ee728b)  -> (artifact id: '0e81d0a552e15506f9b91b54ee96726e') in 0.004704 seconds 
  Import took 0.016842 seconds .

========================================================================
Received Import Request.
  Time since last request: 0.244161 seconds.
  path: Assets/dirty-tile-unity/dirty-tile-unity/dirty-tile_albedo.png
  artifactKey: Guid(34a5f5b89b851a5498a95138d06355e5) Importer(815301076,1909f56bfc062723c751e8b465ee728b)
Start importing Assets/dirty-tile-unity/dirty-tile-unity/dirty-tile_albedo.png using Guid(34a5f5b89b851a5498a95138d06355e5) Importer(815301076,1909f56bfc062723c751e8b465ee728b)  -> (artifact id: '33d31022c9015af709eec3cbe6cb7310') in 0.017213 seconds 
  Import took 0.109764 seconds .

========================================================================
Received Import Request.
  Time since last request: 0.000402 seconds.
  path: Assets/dirty-tile-unity/dirty-tile-unity/dirty-tile_height.png
  artifactKey: Guid(a11a58948f1466c4ea8930451eec1bf4) Importer(815301076,1909f56bfc062723c751e8b465ee728b)
Start importing Assets/dirty-tile-unity/dirty-tile-unity/dirty-tile_height.png using Guid(a11a58948f1466c4ea8930451eec1bf4) Importer(815301076,1909f56bfc062723c751e8b465ee728b)  -> (artifact id: 'c9be708f835bcd2e672075211d91bb12') in 0.019779 seconds 
  Import took 0.025499 seconds .

========================================================================
Received Import Request.
  Time since last request: 0.000670 seconds.
  path: Assets/dirty-tile-unity/dirty-tile-unity/dirty-tile_normal-ogl.png
  artifactKey: Guid(212583abaed2f1d4790c37c32275fb50) Importer(815301076,1909f56bfc062723c751e8b465ee728b)
Start importing Assets/dirty-tile-unity/dirty-tile-unity/dirty-tile_normal-ogl.png using Guid(212583abaed2f1d4790c37c32275fb50) Importer(815301076,1909f56bfc062723c751e8b465ee728b)  -> (artifact id: '4111d9a2610f4bb374fe97717ac51d70') in 0.020582 seconds 
  Import took 0.029811 seconds .

========================================================================
Received Import Request.
  Time since last request: 0.000321 seconds.
  path: Assets/dirty-tile-unity/dirty-tile-unity/dirty-tile_ao.png
  artifactKey: Guid(b1a4f52f2340c404591945c9459ea8e5) Importer(815301076,1909f56bfc062723c751e8b465ee728b)
Start importing Assets/dirty-tile-unity/dirty-tile-unity/dirty-tile_ao.png using Guid(b1a4f52f2340c404591945c9459ea8e5) Importer(815301076,1909f56bfc062723c751e8b465ee728b)  -> (artifact id: 'f26023cf2f8c456c4dcd48cb19489847') in 0.019967 seconds 
  Import took 0.030030 seconds .

========================================================================
Received Import Request.
  Time since last request: 0.000576 seconds.
  path: Assets/dirty-tile-unity/dirty-tile-unity/dirty-tile_metallic.psd
  artifactKey: Guid(ba1d546be05f4f54aa08903970bc6157) Importer(815301076,1909f56bfc062723c751e8b465ee728b)
Start importing Assets/dirty-tile-unity/dirty-tile-unity/dirty-tile_metallic.psd using Guid(ba1d546be05f4f54aa08903970bc6157) Importer(815301076,1909f56bfc062723c751e8b465ee728b)  -> (artifact id: 'b37a7a30f11305d9917c764a0f4ebc44') in 0.025894 seconds 
  Import took 0.035713 seconds .

========================================================================
Received Import Request.
  Time since last request: 0.000394 seconds.
  path: Assets/dirty-tile-unity/dirty-tile-unity/dirty-tile_preview.jpg
  artifactKey: Guid(0746d144b603b7e4599693f5c0bb533e) Importer(815301076,1909f56bfc062723c751e8b465ee728b)
Start importing Assets/dirty-tile-unity/dirty-tile-unity/dirty-tile_preview.jpg using Guid(0746d144b603b7e4599693f5c0bb533e) Importer(815301076,1909f56bfc062723c751e8b465ee728b)  -> (artifact id: 'cf18802b95cf47c59ef9d0a2e8356640') in 0.016284 seconds 
  Import took 0.021198 seconds .

========================================================================
Received Import Request.
  Time since last request: 9.898101 seconds.
  path: Assets/dirty-tile-unity/dirty-tile-unity/Tile.mat
  artifactKey: Guid(30d2a50619e649540b4170f1e88ef65f) Importer(815301076,1909f56bfc062723c751e8b465ee728b)
Start importing Assets/dirty-tile-unity/dirty-tile-unity/Tile.mat using Guid(30d2a50619e649540b4170f1e88ef65f) Importer(815301076,1909f56bfc062723c751e8b465ee728b)  -> (artifact id: '0f6ab17dc2a7314699e3cf4541f6679f') in 0.018636 seconds 
  Import took 0.023484 seconds .

========================================================================
Received Import Request.
  Time since last request: 126.114027 seconds.
  path: Assets/Invector-3rdPersonController_LITE/3D Models/Others/NewAssets/_stairs.prefab
  artifactKey: Guid(e5e911e47916cfc439e4036756e48bf1) Importer(815301076,1909f56bfc062723c751e8b465ee728b)
Start importing Assets/Invector-3rdPersonController_LITE/3D Models/Others/NewAssets/_stairs.prefab using Guid(e5e911e47916cfc439e4036756e48bf1) Importer(815301076,1909f56bfc062723c751e8b465ee728b)  -> (artifact id: '329c4aa612586f56a4fa1a7336b83c30') in 0.648893 seconds 
  Import took 0.657665 seconds .

========================================================================
Received Import Request.
  Time since last request: 0.000702 seconds.
  path: Assets/Invector-3rdPersonController_LITE/3D Models/Others/NewAssets/stepUp.prefab
  artifactKey: Guid(b485a54006d31cc4589985f0b9f75dc6) Importer(815301076,1909f56bfc062723c751e8b465ee728b)
Start importing Assets/Invector-3rdPersonController_LITE/3D Models/Others/NewAssets/stepUp.prefab using Guid(b485a54006d31cc4589985f0b9f75dc6) Importer(815301076,1909f56bfc062723c751e8b465ee728b)  -> (artifact id: '15d63d50bcca173336ba134b5a5527ce') in 0.175821 seconds 
  Import took 0.185782 seconds .

========================================================================
Received Import Request.
  Time since last request: 0.001568 seconds.
  path: Assets/Invector-3rdPersonController_LITE/3D Models/Characters/Invector@V-Bot 2.0/Prefab/VBOT2.0_Custom.prefab
  artifactKey: Guid(5563b2c1cf35cae4f8490dfea2d2aa41) Importer(815301076,1909f56bfc062723c751e8b465ee728b)
Start importing Assets/Invector-3rdPersonController_LITE/3D Models/Characters/Invector@V-Bot 2.0/Prefab/VBOT2.0_Custom.prefab using Guid(5563b2c1cf35cae4f8490dfea2d2aa41) Importer(815301076,1909f56bfc062723c751e8b465ee728b)  -> (artifact id: '617658455575b34b3b903ffb8f5e81ca') in 2.924404 seconds 
  Import took 2.932663 seconds .

========================================================================
Received Import Request.
  Time since last request: 0.000419 seconds.
  path: Assets/Invector-3rdPersonController_LITE/3D Models/Others/NewAssets/Icosphere.prefab
  artifactKey: Guid(ecf8c4fb42504754cba503641e324366) Importer(815301076,1909f56bfc062723c751e8b465ee728b)
Start importing Assets/Invector-3rdPersonController_LITE/3D Models/Others/NewAssets/Icosphere.prefab using Guid(ecf8c4fb42504754cba503641e324366) Importer(815301076,1909f56bfc062723c751e8b465ee728b)  -> (artifact id: '68a06ac83eabda5e571c8260b2c7632e') in 0.064337 seconds 
  Import took 0.084596 seconds .

========================================================================
Received Import Request.
  Time since last request: 0.000368 seconds.
  path: Assets/Invector-3rdPersonController_LITE/3D Models/Others/NewAssets/Stairs.prefab
  artifactKey: Guid(db0b3ea198141184fab2364e6a276864) Importer(815301076,1909f56bfc062723c751e8b465ee728b)
Start importing Assets/Invector-3rdPersonController_LITE/3D Models/Others/NewAssets/Stairs.prefab using Guid(db0b3ea198141184fab2364e6a276864) Importer(815301076,1909f56bfc062723c751e8b465ee728b)  -> (artifact id: 'e798cfdc8b60458c0278d6a5d76ca3a0') in 0.089819 seconds 
  Import took 0.094766 seconds .

========================================================================
Received Import Request.
  Time since last request: 0.000384 seconds.
  path: Assets/Invector-3rdPersonController_LITE/3D Models/Others/NewAssets/piece.prefab
  artifactKey: Guid(782d52d115c7ce84ab933bf328e854b8) Importer(815301076,1909f56bfc062723c751e8b465ee728b)
Start importing Assets/Invector-3rdPersonController_LITE/3D Models/Others/NewAssets/piece.prefab using Guid(782d52d115c7ce84ab933bf328e854b8) Importer(815301076,1909f56bfc062723c751e8b465ee728b)  -> (artifact id: '4def9cba54bfa7a02f77a151b7677746') in 0.023853 seconds 
  Import took 0.029176 seconds .

========================================================================
Received Import Request.
  Time since last request: 0.000363 seconds.
  path: Assets/Invector-3rdPersonController_LITE/3D Models/Others/NewAssets/jumpOver.prefab
  artifactKey: Guid(bf04e4da3dc9cf44abb84704b3405fab) Importer(815301076,1909f56bfc062723c751e8b465ee728b)
Start importing Assets/Invector-3rdPersonController_LITE/3D Models/Others/NewAssets/jumpOver.prefab using Guid(bf04e4da3dc9cf44abb84704b3405fab) Importer(815301076,1909f56bfc062723c751e8b465ee728b)  -> (artifact id: '3122c3427794d9b3d7750ee0f730b254') in 0.049997 seconds 
  Import took 0.071002 seconds .

========================================================================
Received Import Request.
  Time since last request: 0.000352 seconds.
  path: Assets/Invector-3rdPersonController_LITE/3D Models/Others/NewAssets/wall_big.prefab
  artifactKey: Guid(5f5d488710276db4c9dcf0bff9769b46) Importer(815301076,1909f56bfc062723c751e8b465ee728b)
Start importing Assets/Invector-3rdPersonController_LITE/3D Models/Others/NewAssets/wall_big.prefab using Guid(5f5d488710276db4c9dcf0bff9769b46) Importer(815301076,1909f56bfc062723c751e8b465ee728b)  -> (artifact id: 'a875e66ec5990988beca54c59593a148') in 0.033187 seconds 
  Import took 0.038582 seconds .

========================================================================
Received Import Request.
  Time since last request: 0.000422 seconds.
  path: Assets/Invector-3rdPersonController_LITE/3D Models/Others/NewAssets/floor.prefab
  artifactKey: Guid(ce681f0b940baed4a92d9f6cf065313c) Importer(815301076,1909f56bfc062723c751e8b465ee728b)
Start importing Assets/Invector-3rdPersonController_LITE/3D Models/Others/NewAssets/floor.prefab using Guid(ce681f0b940baed4a92d9f6cf065313c) Importer(815301076,1909f56bfc062723c751e8b465ee728b)  -> (artifact id: 'f81f65d87ded130a3bd8fe48ee78a657') in 0.063611 seconds 
  Import took 0.068563 seconds .

========================================================================
Received Import Request.
  Time since last request: 0.000313 seconds.
  path: Assets/Invector-3rdPersonController_LITE/3D Models/Others/NewAssets/ramp45.prefab
  artifactKey: Guid(f5d856f1adac17240a941a3afff974aa) Importer(815301076,1909f56bfc062723c751e8b465ee728b)
Start importing Assets/Invector-3rdPersonController_LITE/3D Models/Others/NewAssets/ramp45.prefab using Guid(f5d856f1adac17240a941a3afff974aa) Importer(815301076,1909f56bfc062723c751e8b465ee728b)  -> (artifact id: '5498ba1047ced8e8269bfa699bc7b827') in 0.075004 seconds 
  Import took 0.079071 seconds .

========================================================================
Received Import Request.
  Time since last request: 0.000411 seconds.
  path: Assets/Invector-3rdPersonController_LITE/3D Models/Others/NewAssets/column.prefab
  artifactKey: Guid(eefe45a07b2758447b94b0370e08d795) Importer(815301076,1909f56bfc062723c751e8b465ee728b)
Start importing Assets/Invector-3rdPersonController_LITE/3D Models/Others/NewAssets/column.prefab using Guid(eefe45a07b2758447b94b0370e08d795) Importer(815301076,1909f56bfc062723c751e8b465ee728b)  -> (artifact id: '4d5e4d21de8a882139a73f118fdd38cf') in 0.215101 seconds 
  Import took 0.219848 seconds .

========================================================================
Received Import Request.
  Time since last request: 0.000392 seconds.
  path: Assets/Invector-3rdPersonController_LITE/3D Models/Others/NewAssets/columnB.prefab
  artifactKey: Guid(961d0fe6a50d8e3459a12b224216eb19) Importer(815301076,1909f56bfc062723c751e8b465ee728b)
Start importing Assets/Invector-3rdPersonController_LITE/3D Models/Others/NewAssets/columnB.prefab using Guid(961d0fe6a50d8e3459a12b224216eb19) Importer(815301076,1909f56bfc062723c751e8b465ee728b)  -> (artifact id: '07131ab5e80685d817aa5df1112b06c5') in 0.054343 seconds 
  Import took 0.058556 seconds .

========================================================================
Received Import Request.
  Time since last request: 0.000363 seconds.
  path: Assets/Invector-3rdPersonController_LITE/3D Models/Others/NewAssets/platform.prefab
  artifactKey: Guid(1fec5deec75ec0747b743170f3b534ce) Importer(815301076,1909f56bfc062723c751e8b465ee728b)
Start importing Assets/Invector-3rdPersonController_LITE/3D Models/Others/NewAssets/platform.prefab using Guid(1fec5deec75ec0747b743170f3b534ce) Importer(815301076,1909f56bfc062723c751e8b465ee728b)  -> (artifact id: '033739b7600cf83eaaf4f1f488d53f70') in 0.049245 seconds 
  Import took 0.053405 seconds .

========================================================================
Received Import Request.
  Time since last request: 0.000367 seconds.
  path: Assets/Invector-3rdPersonController_LITE/3D Models/Others/NewAssets/tunel.prefab
  artifactKey: Guid(b2a8f296560ae6444858d484471ff353) Importer(815301076,1909f56bfc062723c751e8b465ee728b)
Start importing Assets/Invector-3rdPersonController_LITE/3D Models/Others/NewAssets/tunel.prefab using Guid(b2a8f296560ae6444858d484471ff353) Importer(815301076,1909f56bfc062723c751e8b465ee728b)  -> (artifact id: '48419a387df5f57c92684da06725b02e') in 0.046174 seconds 
  Import took 0.051080 seconds .

========================================================================
Received Import Request.
  Time since last request: 0.000317 seconds.
  path: Assets/Invector-3rdPersonController_LITE/3D Models/Others/NewAssets/ramp50.prefab
  artifactKey: Guid(0fb57ca83b7c27a438191a9159c7f6e0) Importer(815301076,1909f56bfc062723c751e8b465ee728b)
Start importing Assets/Invector-3rdPersonController_LITE/3D Models/Others/NewAssets/ramp50.prefab using Guid(0fb57ca83b7c27a438191a9159c7f6e0) Importer(815301076,1909f56bfc062723c751e8b465ee728b)  -> (artifact id: 'b1a91790daf9a99ffbcb8bd4a36bbeee') in 0.044373 seconds 
  Import took 0.048696 seconds .

========================================================================
Received Import Request.
  Time since last request: 0.000315 seconds.
  path: Assets/Invector-3rdPersonController_LITE/3D Models/Others/NewAssets/climbUp.prefab
  artifactKey: Guid(48f0c406a6058ef4096de43251b4dc26) Importer(815301076,1909f56bfc062723c751e8b465ee728b)
Start importing Assets/Invector-3rdPersonController_LITE/3D Models/Others/NewAssets/climbUp.prefab using Guid(48f0c406a6058ef4096de43251b4dc26) Importer(815301076,1909f56bfc062723c751e8b465ee728b)  -> (artifact id: '7bfa1c0ff7737599e99e8d4c5be942ff') in 0.042755 seconds 
  Import took 0.048810 seconds .

========================================================================
Received Import Request.
  Time since last request: 0.000303 seconds.
  path: Assets/Invector-3rdPersonController_LITE/3D Models/Others/NewAssets/platforms.prefab
  artifactKey: Guid(8cd041aae7ecebf47b098dce146ad551) Importer(815301076,1909f56bfc062723c751e8b465ee728b)
Start importing Assets/Invector-3rdPersonController_LITE/3D Models/Others/NewAssets/platforms.prefab using Guid(8cd041aae7ecebf47b098dce146ad551) Importer(815301076,1909f56bfc062723c751e8b465ee728b)  -> (artifact id: '2882da188e21991663e91d2211cb21d4') in 0.037553 seconds 
  Import took 0.045913 seconds .

========================================================================
Received Import Request.
  Time since last request: 0.000664 seconds.
  path: Assets/Invector-3rdPersonController_LITE/3D Models/Others/NewAssets/wall_small.prefab
  artifactKey: Guid(57f0e397c511a91489dcee01605a2aaf) Importer(815301076,1909f56bfc062723c751e8b465ee728b)
Start importing Assets/Invector-3rdPersonController_LITE/3D Models/Others/NewAssets/wall_small.prefab using Guid(57f0e397c511a91489dcee01605a2aaf) Importer(815301076,1909f56bfc062723c751e8b465ee728b)  -> (artifact id: 'ce18ad5396e73a1e2a5b6e9beae82572') in 0.038123 seconds 
  Import took 0.043675 seconds .

========================================================================
Received Import Request.
  Time since last request: 0.000345 seconds.
  path: Assets/Invector-3rdPersonController_LITE/3D Models/Others/NewAssets/support.prefab
  artifactKey: Guid(5bb3244b3f1f9a7419e850ed4755f3a3) Importer(815301076,1909f56bfc062723c751e8b465ee728b)
Start importing Assets/Invector-3rdPersonController_LITE/3D Models/Others/NewAssets/support.prefab using Guid(5bb3244b3f1f9a7419e850ed4755f3a3) Importer(815301076,1909f56bfc062723c751e8b465ee728b)  -> (artifact id: '13d8f952e84e16a22bcb138f1dcb6348') in 0.038735 seconds 
  Import took 0.043200 seconds .

========================================================================
Received Import Request.
  Time since last request: 0.000383 seconds.
  path: Assets/Invector-3rdPersonController_LITE/3D Models/Others/NewAssets/statueBase.prefab
  artifactKey: Guid(d51010ed245ef5041ae00a77949921df) Importer(815301076,1909f56bfc062723c751e8b465ee728b)
Start importing Assets/Invector-3rdPersonController_LITE/3D Models/Others/NewAssets/statueBase.prefab using Guid(d51010ed245ef5041ae00a77949921df) Importer(815301076,1909f56bfc062723c751e8b465ee728b)  -> (artifact id: '494770d389e56929f11d21f5ff4cfaf6') in 0.055288 seconds 
  Import took 0.060425 seconds .

========================================================================
Received Import Request.
  Time since last request: 0.000302 seconds.
  path: Assets/Invector-3rdPersonController_LITE/3D Models/Others/NewAssets/door.prefab
  artifactKey: Guid(3fef0d0a73e72b543b52178ed33c4ccc) Importer(815301076,1909f56bfc062723c751e8b465ee728b)
Start importing Assets/Invector-3rdPersonController_LITE/3D Models/Others/NewAssets/door.prefab using Guid(3fef0d0a73e72b543b52178ed33c4ccc) Importer(815301076,1909f56bfc062723c751e8b465ee728b)  -> (artifact id: '789980d26005a5ef48ff4b87d9beefe1') in 0.035039 seconds 
  Import took 0.039862 seconds .

========================================================================
Received Import Request.
  Time since last request: 0.000379 seconds.
  path: Assets/Invector-3rdPersonController_LITE/3D Models/Others/NewAssets/ramp60.prefab
  artifactKey: Guid(62eaa7da9556c634a844390e68bdddcd) Importer(815301076,1909f56bfc062723c751e8b465ee728b)
Start importing Assets/Invector-3rdPersonController_LITE/3D Models/Others/NewAssets/ramp60.prefab using Guid(62eaa7da9556c634a844390e68bdddcd) Importer(815301076,1909f56bfc062723c751e8b465ee728b)  -> (artifact id: '412bf8988928d21bfa83a36ae3c716d7') in 0.031545 seconds 
  Import took 0.035826 seconds .

========================================================================
Received Import Request.
  Time since last request: 80.076205 seconds.
  path: Assets/dirty-tile-unity/dirty-tile-unity/Tile.mat
  artifactKey: Guid(30d2a50619e649540b4170f1e88ef65f) Importer(815301076,1909f56bfc062723c751e8b465ee728b)
Start importing Assets/dirty-tile-unity/dirty-tile-unity/Tile.mat using Guid(30d2a50619e649540b4170f1e88ef65f) Importer(815301076,1909f56bfc062723c751e8b465ee728b)  -> (artifact id: '6965e33810c47a87adfd21ac831d7a0a') in 0.067103 seconds 
  Import took 0.072552 seconds .

========================================================================
Received Import Request.
  Time since last request: 7.721716 seconds.
  path: Assets/dirty-tile-unity/dirty-tile-unity/dirty-tile_normal-ogl.png
  artifactKey: Guid(212583abaed2f1d4790c37c32275fb50) Importer(815301076,1909f56bfc062723c751e8b465ee728b)
Start importing Assets/dirty-tile-unity/dirty-tile-unity/dirty-tile_normal-ogl.png using Guid(212583abaed2f1d4790c37c32275fb50) Importer(815301076,1909f56bfc062723c751e8b465ee728b)  -> (artifact id: '8f276e187aa74827aaea92f13af6c6d5') in 0.034118 seconds 
  Import took 0.043197 seconds .

========================================================================
Received Prepare
Registering precompiled user dll's ...
Registered in 0.005667 seconds.
Begin MonoManager ReloadAssembly
Native extension for WindowsStandalone target not found
Refreshing native plugins compatible for Editor in 0.51 ms, found 2 plugins.
Preloading 0 native plugins for Editor in 0.00 ms.
Mono: successfully reloaded assembly
- Completed reload, in  1.536 seconds
Domain Reload Profiling:
	ReloadAssembly (1537ms)
		BeginReloadAssembly (177ms)
			ExecutionOrderSort (0ms)
			DisableScriptedObjects (5ms)
			BackupInstance (0ms)
			ReleaseScriptingObjects (0ms)
			CreateAndSetChildDomain (66ms)
		EndReloadAssembly (1286ms)
			LoadAssemblies (126ms)
			RebuildTransferFunctionScriptingTraits (0ms)
			SetupTypeCache (321ms)
			ReleaseScriptCaches (1ms)
			RebuildScriptCaches (50ms)
			SetupLoadedEditorAssemblies (689ms)
				LogAssemblyErrors (0ms)
				InitializePlatformSupportModulesInManaged (6ms)
				SetLoadedEditorAssemblies (1ms)
				RefreshPlugins (1ms)
				BeforeProcessingInitializeOnLoad (66ms)
				ProcessInitializeOnLoadAttributes (601ms)
				ProcessInitializeOnLoadMethodAttributes (4ms)
				AfterProcessingInitializeOnLoad (10ms)
				EditorAssembliesLoaded (0ms)
			ExecutionOrderSort2 (0ms)
			AwakeInstancesAfterBackupRestoration (7ms)
Platform modules already initialized, skipping
Refreshing native plugins compatible for Editor in 0.51 ms, found 2 plugins.
Preloading 0 native plugins for Editor in 0.00 ms.
Unloading 1899 Unused Serialized files (Serialized files now loaded: 0)
System memory in use before: 107.8 MB.
System memory in use after: 107.9 MB.

Unloading 13 unused Assets to reduce memory usage. Loaded Objects now: 2450.
Total: 3.710300 ms (FindLiveObjects: 0.248400 ms CreateObjectMapping: 0.076800 ms MarkObjects: 3.276700 ms  DeleteObjects: 0.107200 ms)

AssetImportParameters requested are different than current active one (requested -> active):
  custom:framework-win-MediaFoundation: 216162199b28c13a410421893ffa2e32 -> 
  custom:video-decoder-ogg-theora: a1e56fd34408186e4bbccfd4996cb3dc -> 
  custom:container-muxer-webm: aa71ff27fc2769a1b78a27578f13a17b -> 
  custom:container-demuxer-webm: 4f35f7cbe854078d1ac9338744f61a02 -> 
  custom:container-demuxer-ogg: 62fdf1f143b41e24485cea50d1cbac27 -> 
  custom:video-encoder-webm-vp8: eb34c28f22e8b96e1ab97ce403110664 -> 
  custom:video-decoder-webm-vp8: 9c59270c3fd7afecdb556c50c9e8de78 -> 
  custom:audio-decoder-ogg-vorbis: bf7c407c2cedff20999df2af8eb42d56 -> 
  custom:audio-encoder-webm-vorbis: bf7c407c2cedff20999df2af8eb42d56 -> 
========================================================================
Received Prepare
Registering precompiled user dll's ...
Registered in 0.007032 seconds.
Begin MonoManager ReloadAssembly
Native extension for WindowsStandalone target not found
Refreshing native plugins compatible for Editor in 0.49 ms, found 2 plugins.
Preloading 0 native plugins for Editor in 0.00 ms.
Mono: successfully reloaded assembly
- Completed reload, in  2.471 seconds
Domain Reload Profiling:
	ReloadAssembly (2471ms)
		BeginReloadAssembly (144ms)
			ExecutionOrderSort (0ms)
			DisableScriptedObjects (5ms)
			BackupInstance (0ms)
			ReleaseScriptingObjects (0ms)
			CreateAndSetChildDomain (41ms)
		EndReloadAssembly (2252ms)
			LoadAssemblies (120ms)
			RebuildTransferFunctionScriptingTraits (0ms)
			SetupTypeCache (311ms)
			ReleaseScriptCaches (1ms)
			RebuildScriptCaches (47ms)
			SetupLoadedEditorAssemblies (1653ms)
				LogAssemblyErrors (0ms)
				InitializePlatformSupportModulesInManaged (6ms)
				SetLoadedEditorAssemblies (0ms)
				RefreshPlugins (1ms)
				BeforeProcessingInitializeOnLoad (68ms)
				ProcessInitializeOnLoadAttributes (1559ms)
				ProcessInitializeOnLoadMethodAttributes (5ms)
				AfterProcessingInitializeOnLoad (14ms)
				EditorAssembliesLoaded (0ms)
			ExecutionOrderSort2 (0ms)
			AwakeInstancesAfterBackupRestoration (10ms)
Platform modules already initialized, skipping
Refreshing native plugins compatible for Editor in 0.54 ms, found 2 plugins.
Preloading 0 native plugins for Editor in 0.00 ms.
Unloading 1899 Unused Serialized files (Serialized files now loaded: 0)
System memory in use before: 107.8 MB.
System memory in use after: 107.9 MB.

Unloading 13 unused Assets to reduce memory usage. Loaded Objects now: 2452.
Total: 3.551300 ms (FindLiveObjects: 0.237500 ms CreateObjectMapping: 0.089800 ms MarkObjects: 3.145900 ms  DeleteObjects: 0.076400 ms)

AssetImportParameters requested are different than current active one (requested -> active):
  custom:framework-win-MediaFoundation: 216162199b28c13a410421893ffa2e32 -> 
  custom:video-decoder-ogg-theora: a1e56fd34408186e4bbccfd4996cb3dc -> 
  custom:container-muxer-webm: aa71ff27fc2769a1b78a27578f13a17b -> 
  custom:container-demuxer-webm: 4f35f7cbe854078d1ac9338744f61a02 -> 
  custom:container-demuxer-ogg: 62fdf1f143b41e24485cea50d1cbac27 -> 
  custom:video-encoder-webm-vp8: eb34c28f22e8b96e1ab97ce403110664 -> 
  custom:video-decoder-webm-vp8: 9c59270c3fd7afecdb556c50c9e8de78 -> 
  custom:audio-decoder-ogg-vorbis: bf7c407c2cedff20999df2af8eb42d56 -> 
  custom:audio-encoder-webm-vorbis: bf7c407c2cedff20999df2af8eb42d56 -> 
========================================================================
Received Prepare
Registering precompiled user dll's ...
Registered in 0.005704 seconds.
Begin MonoManager ReloadAssembly
Native extension for WindowsStandalone target not found
Refreshing native plugins compatible for Editor in 0.72 ms, found 2 plugins.
Preloading 0 native plugins for Editor in 0.00 ms.
Mono: successfully reloaded assembly
- Completed reload, in  1.402 seconds
Domain Reload Profiling:
	ReloadAssembly (1403ms)
		BeginReloadAssembly (167ms)
			ExecutionOrderSort (0ms)
			DisableScriptedObjects (6ms)
			BackupInstance (0ms)
			ReleaseScriptingObjects (0ms)
			CreateAndSetChildDomain (43ms)
		EndReloadAssembly (1143ms)
			LoadAssemblies (143ms)
			RebuildTransferFunctionScriptingTraits (0ms)
			SetupTypeCache (469ms)
			ReleaseScriptCaches (1ms)
			RebuildScriptCaches (51ms)
			SetupLoadedEditorAssemblies (383ms)
				LogAssemblyErrors (0ms)
				InitializePlatformSupportModulesInManaged (7ms)
				SetLoadedEditorAssemblies (1ms)
				RefreshPlugins (1ms)
				BeforeProcessingInitializeOnLoad (76ms)
				ProcessInitializeOnLoadAttributes (280ms)
				ProcessInitializeOnLoadMethodAttributes (6ms)
				AfterProcessingInitializeOnLoad (13ms)
				EditorAssembliesLoaded (0ms)
			ExecutionOrderSort2 (0ms)
			AwakeInstancesAfterBackupRestoration (8ms)
Platform modules already initialized, skipping
Refreshing native plugins compatible for Editor in 0.52 ms, found 2 plugins.
Preloading 0 native plugins for Editor in 0.00 ms.
Unloading 1899 Unused Serialized files (Serialized files now loaded: 0)
System memory in use before: 107.8 MB.
System memory in use after: 107.9 MB.

Unloading 13 unused Assets to reduce memory usage. Loaded Objects now: 2454.
Total: 4.135700 ms (FindLiveObjects: 0.239500 ms CreateObjectMapping: 0.103900 ms MarkObjects: 3.697800 ms  DeleteObjects: 0.092700 ms)

AssetImportParameters requested are different than current active one (requested -> active):
  custom:framework-win-MediaFoundation: 216162199b28c13a410421893ffa2e32 -> 
  custom:video-decoder-ogg-theora: a1e56fd34408186e4bbccfd4996cb3dc -> 
  custom:container-muxer-webm: aa71ff27fc2769a1b78a27578f13a17b -> 
  custom:container-demuxer-webm: 4f35f7cbe854078d1ac9338744f61a02 -> 
  custom:container-demuxer-ogg: 62fdf1f143b41e24485cea50d1cbac27 -> 
  custom:video-encoder-webm-vp8: eb34c28f22e8b96e1ab97ce403110664 -> 
  custom:video-decoder-webm-vp8: 9c59270c3fd7afecdb556c50c9e8de78 -> 
  custom:audio-decoder-ogg-vorbis: bf7c407c2cedff20999df2af8eb42d56 -> 
  custom:audio-encoder-webm-vorbis: bf7c407c2cedff20999df2af8eb42d56 -> 
========================================================================
Received Prepare
Registering precompiled user dll's ...
Registered in 0.007471 seconds.
Begin MonoManager ReloadAssembly
Native extension for WindowsStandalone target not found
Refreshing native plugins compatible for Editor in 0.54 ms, found 2 plugins.
Preloading 0 native plugins for Editor in 0.00 ms.
Mono: successfully reloaded assembly
- Completed reload, in  1.280 seconds
Domain Reload Profiling:
	ReloadAssembly (1281ms)
		BeginReloadAssembly (144ms)
			ExecutionOrderSort (0ms)
			DisableScriptedObjects (6ms)
			BackupInstance (0ms)
			ReleaseScriptingObjects (0ms)
			CreateAndSetChildDomain (39ms)
		EndReloadAssembly (1060ms)
			LoadAssemblies (123ms)
			RebuildTransferFunctionScriptingTraits (0ms)
			SetupTypeCache (368ms)
			ReleaseScriptCaches (1ms)
			RebuildScriptCaches (56ms)
			SetupLoadedEditorAssemblies (393ms)
				LogAssemblyErrors (0ms)
				InitializePlatformSupportModulesInManaged (6ms)
				SetLoadedEditorAssemblies (1ms)
				RefreshPlugins (1ms)
				BeforeProcessingInitializeOnLoad (78ms)
				ProcessInitializeOnLoadAttributes (291ms)
				ProcessInitializeOnLoadMethodAttributes (4ms)
				AfterProcessingInitializeOnLoad (11ms)
				EditorAssembliesLoaded (0ms)
			ExecutionOrderSort2 (0ms)
			AwakeInstancesAfterBackupRestoration (8ms)
Platform modules already initialized, skipping
Refreshing native plugins compatible for Editor in 0.54 ms, found 2 plugins.
Preloading 0 native plugins for Editor in 0.00 ms.
Unloading 1899 Unused Serialized files (Serialized files now loaded: 0)
System memory in use before: 107.8 MB.
System memory in use after: 107.9 MB.

Unloading 13 unused Assets to reduce memory usage. Loaded Objects now: 2456.
Total: 4.197900 ms (FindLiveObjects: 0.273400 ms CreateObjectMapping: 0.081400 ms MarkObjects: 3.757500 ms  DeleteObjects: 0.084400 ms)

AssetImportParameters requested are different than current active one (requested -> active):
  custom:framework-win-MediaFoundation: 216162199b28c13a410421893ffa2e32 -> 
  custom:video-decoder-ogg-theora: a1e56fd34408186e4bbccfd4996cb3dc -> 
  custom:container-muxer-webm: aa71ff27fc2769a1b78a27578f13a17b -> 
  custom:container-demuxer-webm: 4f35f7cbe854078d1ac9338744f61a02 -> 
  custom:container-demuxer-ogg: 62fdf1f143b41e24485cea50d1cbac27 -> 
  custom:video-encoder-webm-vp8: eb34c28f22e8b96e1ab97ce403110664 -> 
  custom:video-decoder-webm-vp8: 9c59270c3fd7afecdb556c50c9e8de78 -> 
  custom:audio-decoder-ogg-vorbis: bf7c407c2cedff20999df2af8eb42d56 -> 
  custom:audio-encoder-webm-vorbis: bf7c407c2cedff20999df2af8eb42d56 -> 
========================================================================
Received Prepare
Registering precompiled user dll's ...
Registered in 0.005481 seconds.
Begin MonoManager ReloadAssembly
Native extension for WindowsStandalone target not found
Refreshing native plugins compatible for Editor in 0.49 ms, found 2 plugins.
Preloading 0 native plugins for Editor in 0.00 ms.
Mono: successfully reloaded assembly
- Completed reload, in  1.244 seconds
Domain Reload Profiling:
	ReloadAssembly (1244ms)
		BeginReloadAssembly (146ms)
			ExecutionOrderSort (0ms)
			DisableScriptedObjects (5ms)
			BackupInstance (0ms)
			ReleaseScriptingObjects (0ms)
			CreateAndSetChildDomain (38ms)
		EndReloadAssembly (1020ms)
			LoadAssemblies (125ms)
			RebuildTransferFunctionScriptingTraits (0ms)
			SetupTypeCache (348ms)
			ReleaseScriptCaches (1ms)
			RebuildScriptCaches (48ms)
			SetupLoadedEditorAssemblies (391ms)
				LogAssemblyErrors (0ms)
				InitializePlatformSupportModulesInManaged (6ms)
				SetLoadedEditorAssemblies (0ms)
				RefreshPlugins (1ms)
				BeforeProcessingInitializeOnLoad (69ms)
				ProcessInitializeOnLoadAttributes (299ms)
				ProcessInitializeOnLoadMethodAttributes (5ms)
				AfterProcessingInitializeOnLoad (11ms)
				EditorAssembliesLoaded (0ms)
			ExecutionOrderSort2 (0ms)
			AwakeInstancesAfterBackupRestoration (11ms)
Platform modules already initialized, skipping
Refreshing native plugins compatible for Editor in 0.58 ms, found 2 plugins.
Preloading 0 native plugins for Editor in 0.00 ms.
Unloading 1899 Unused Serialized files (Serialized files now loaded: 0)
System memory in use before: 107.9 MB.
System memory in use after: 107.9 MB.

Unloading 13 unused Assets to reduce memory usage. Loaded Objects now: 2458.
Total: 3.793100 ms (FindLiveObjects: 0.231600 ms CreateObjectMapping: 0.074900 ms MarkObjects: 3.399100 ms  DeleteObjects: 0.086100 ms)

AssetImportParameters requested are different than current active one (requested -> active):
  custom:framework-win-MediaFoundation: 216162199b28c13a410421893ffa2e32 -> 
  custom:video-decoder-ogg-theora: a1e56fd34408186e4bbccfd4996cb3dc -> 
  custom:container-muxer-webm: aa71ff27fc2769a1b78a27578f13a17b -> 
  custom:container-demuxer-webm: 4f35f7cbe854078d1ac9338744f61a02 -> 
  custom:container-demuxer-ogg: 62fdf1f143b41e24485cea50d1cbac27 -> 
  custom:video-encoder-webm-vp8: eb34c28f22e8b96e1ab97ce403110664 -> 
  custom:video-decoder-webm-vp8: 9c59270c3fd7afecdb556c50c9e8de78 -> 
  custom:audio-decoder-ogg-vorbis: bf7c407c2cedff20999df2af8eb42d56 -> 
  custom:audio-encoder-webm-vorbis: bf7c407c2cedff20999df2af8eb42d56 -> 
========================================================================
Received Prepare
Registering precompiled user dll's ...
Registered in 0.005576 seconds.
Begin MonoManager ReloadAssembly
Native extension for WindowsStandalone target not found
Refreshing native plugins compatible for Editor in 0.55 ms, found 2 plugins.
Preloading 0 native plugins for Editor in 0.00 ms.
Mono: successfully reloaded assembly
- Completed reload, in  1.218 seconds
Domain Reload Profiling:
	ReloadAssembly (1218ms)
		BeginReloadAssembly (160ms)
			ExecutionOrderSort (0ms)
			DisableScriptedObjects (6ms)
			BackupInstance (0ms)
			ReleaseScriptingObjects (0ms)
			CreateAndSetChildDomain (42ms)
		EndReloadAssembly (982ms)
			LoadAssemblies (128ms)
			RebuildTransferFunctionScriptingTraits (0ms)
			SetupTypeCache (327ms)
			ReleaseScriptCaches (1ms)
			RebuildScriptCaches (51ms)
			SetupLoadedEditorAssemblies (380ms)
				LogAssemblyErrors (0ms)
				InitializePlatformSupportModulesInManaged (6ms)
				SetLoadedEditorAssemblies (1ms)
				RefreshPlugins (1ms)
				BeforeProcessingInitializeOnLoad (73ms)
				ProcessInitializeOnLoadAttributes (285ms)
				ProcessInitializeOnLoadMethodAttributes (5ms)
				AfterProcessingInitializeOnLoad (10ms)
				EditorAssembliesLoaded (0ms)
			ExecutionOrderSort2 (0ms)
			AwakeInstancesAfterBackupRestoration (7ms)
Platform modules already initialized, skipping
Refreshing native plugins compatible for Editor in 0.49 ms, found 2 plugins.
Preloading 0 native plugins for Editor in 0.00 ms.
Unloading 1899 Unused Serialized files (Serialized files now loaded: 0)
System memory in use before: 107.9 MB.
System memory in use after: 107.9 MB.

Unloading 13 unused Assets to reduce memory usage. Loaded Objects now: 2460.
Total: 4.159200 ms (FindLiveObjects: 0.218800 ms CreateObjectMapping: 0.071600 ms MarkObjects: 3.736700 ms  DeleteObjects: 0.130900 ms)

AssetImportParameters requested are different than current active one (requested -> active):
  custom:framework-win-MediaFoundation: 216162199b28c13a410421893ffa2e32 -> 
  custom:video-decoder-ogg-theora: a1e56fd34408186e4bbccfd4996cb3dc -> 
  custom:container-muxer-webm: aa71ff27fc2769a1b78a27578f13a17b -> 
  custom:container-demuxer-webm: 4f35f7cbe854078d1ac9338744f61a02 -> 
  custom:container-demuxer-ogg: 62fdf1f143b41e24485cea50d1cbac27 -> 
  custom:video-encoder-webm-vp8: eb34c28f22e8b96e1ab97ce403110664 -> 
  custom:video-decoder-webm-vp8: 9c59270c3fd7afecdb556c50c9e8de78 -> 
  custom:audio-decoder-ogg-vorbis: bf7c407c2cedff20999df2af8eb42d56 -> 
  custom:audio-encoder-webm-vorbis: bf7c407c2cedff20999df2af8eb42d56 -> 
========================================================================
Received Import Request.
  Time since last request: 1155.255728 seconds.
  path: ProjectSettings/TagManager.asset
  artifactKey: Guid(00000000000000003000000000000000) Importer(815301076,1909f56bfc062723c751e8b465ee728b)
Start importing ProjectSettings/TagManager.asset using Guid(00000000000000003000000000000000) Importer(815301076,1909f56bfc062723c751e8b465ee728b)  -> (artifact id: 'ce6a35c3cddc746e7501c0bd0ed6d4ce') in 0.082662 seconds 
  Import took 0.088041 seconds .

========================================================================
Received Prepare
Registering precompiled user dll's ...
Registered in 0.006400 seconds.
Begin MonoManager ReloadAssembly
Native extension for WindowsStandalone target not found
Refreshing native plugins compatible for Editor in 0.53 ms, found 2 plugins.
Preloading 0 native plugins for Editor in 0.00 ms.
[ScriptCompilation] NOT recompiling all scripts because this is an import worker process. Reason to compile was: Define symbols changed
Mono: successfully reloaded assembly
- Completed reload, in  1.151 seconds
Domain Reload Profiling:
	ReloadAssembly (1152ms)
		BeginReloadAssembly (138ms)
			ExecutionOrderSort (0ms)
			DisableScriptedObjects (5ms)
			BackupInstance (0ms)
			ReleaseScriptingObjects (0ms)
			CreateAndSetChildDomain (40ms)
		EndReloadAssembly (939ms)
			LoadAssemblies (113ms)
			RebuildTransferFunctionScriptingTraits (0ms)
			SetupTypeCache (309ms)
			ReleaseScriptCaches (1ms)
			RebuildScriptCaches (46ms)
			SetupLoadedEditorAssemblies (367ms)
				LogAssemblyErrors (0ms)
				InitializePlatformSupportModulesInManaged (6ms)
				SetLoadedEditorAssemblies (0ms)
				RefreshPlugins (1ms)
				BeforeProcessingInitializeOnLoad (68ms)
				ProcessInitializeOnLoadAttributes (277ms)
				ProcessInitializeOnLoadMethodAttributes (4ms)
				AfterProcessingInitializeOnLoad (10ms)
				EditorAssembliesLoaded (0ms)
			ExecutionOrderSort2 (0ms)
			AwakeInstancesAfterBackupRestoration (7ms)
Platform modules already initialized, skipping
Refreshing native plugins compatible for Editor in 0.53 ms, found 2 plugins.
Preloading 0 native plugins for Editor in 0.00 ms.
Unloading 2019 Unused Serialized files (Serialized files now loaded: 0)
System memory in use before: 115.5 MB.
System memory in use after: 113.5 MB.

Unloading 41 unused Assets to reduce memory usage. Loaded Objects now: 2555.
Total: 4.130600 ms (FindLiveObjects: 0.218500 ms CreateObjectMapping: 0.081200 ms MarkObjects: 3.042200 ms  DeleteObjects: 0.787200 ms)

AssetImportParameters requested are different than current active one (requested -> active):
  custom:framework-win-MediaFoundation: 216162199b28c13a410421893ffa2e32 -> 
  custom:video-decoder-ogg-theora: a1e56fd34408186e4bbccfd4996cb3dc -> 
  custom:container-muxer-webm: aa71ff27fc2769a1b78a27578f13a17b -> 
  custom:container-demuxer-webm: 4f35f7cbe854078d1ac9338744f61a02 -> 
  custom:container-demuxer-ogg: 62fdf1f143b41e24485cea50d1cbac27 -> 
  custom:video-encoder-webm-vp8: eb34c28f22e8b96e1ab97ce403110664 -> 
  custom:video-decoder-webm-vp8: 9c59270c3fd7afecdb556c50c9e8de78 -> 
  custom:audio-decoder-ogg-vorbis: bf7c407c2cedff20999df2af8eb42d56 -> 
  custom:audio-encoder-webm-vorbis: bf7c407c2cedff20999df2af8eb42d56 -> 
========================================================================
Received Prepare
Refreshing native plugins compatible for Editor in 7.23 ms, found 2 plugins.
Preloading 0 native plugins for Editor in 0.00 ms.
Unloading 37 Unused Serialized files (Serialized files now loaded: 0)
System memory in use before: 76.2 MB.
System memory in use after: 74.2 MB.

Unloading 37 unused Assets to reduce memory usage. Loaded Objects now: 2555.
Total: 4.681900 ms (FindLiveObjects: 0.227600 ms CreateObjectMapping: 0.082200 ms MarkObjects: 3.609100 ms  DeleteObjects: 0.761700 ms)

AssetImportParameters requested are different than current active one (requested -> active):
  colorSpace: 1 -> 0
  custom:framework-win-MediaFoundation: 216162199b28c13a410421893ffa2e32 -> 
  custom:video-decoder-ogg-theora: a1e56fd34408186e4bbccfd4996cb3dc -> 
  custom:container-muxer-webm: aa71ff27fc2769a1b78a27578f13a17b -> 
  custom:container-demuxer-webm: 4f35f7cbe854078d1ac9338744f61a02 -> 
  custom:container-demuxer-ogg: 62fdf1f143b41e24485cea50d1cbac27 -> 
  custom:video-encoder-webm-vp8: eb34c28f22e8b96e1ab97ce403110664 -> 
  custom:video-decoder-webm-vp8: 9c59270c3fd7afecdb556c50c9e8de78 -> 
  custom:audio-decoder-ogg-vorbis: bf7c407c2cedff20999df2af8eb42d56 -> 
  custom:audio-encoder-webm-vorbis: bf7c407c2cedff20999df2af8eb42d56 -> 
========================================================================
Received Prepare
Registering precompiled user dll's ...
Registered in 0.007215 seconds.
Begin MonoManager ReloadAssembly
Native extension for WindowsStandalone target not found
Refreshing native plugins compatible for Editor in 0.99 ms, found 2 plugins.
Preloading 0 native plugins for Editor in 0.00 ms.
Mono: successfully reloaded assembly
- Completed reload, in  1.246 seconds
Domain Reload Profiling:
	ReloadAssembly (1247ms)
		BeginReloadAssembly (155ms)
			ExecutionOrderSort (0ms)
			DisableScriptedObjects (11ms)
			BackupInstance (0ms)
			ReleaseScriptingObjects (0ms)
			CreateAndSetChildDomain (40ms)
		EndReloadAssembly (1002ms)
			LoadAssemblies (122ms)
			RebuildTransferFunctionScriptingTraits (0ms)
			SetupTypeCache (331ms)
			ReleaseScriptCaches (1ms)
			RebuildScriptCaches (50ms)
			SetupLoadedEditorAssemblies (381ms)
				LogAssemblyErrors (0ms)
				InitializePlatformSupportModulesInManaged (6ms)
				SetLoadedEditorAssemblies (1ms)
				RefreshPlugins (1ms)
				BeforeProcessingInitializeOnLoad (76ms)
				ProcessInitializeOnLoadAttributes (282ms)
				ProcessInitializeOnLoadMethodAttributes (5ms)
				AfterProcessingInitializeOnLoad (10ms)
				EditorAssembliesLoaded (0ms)
			ExecutionOrderSort2 (0ms)
			AwakeInstancesAfterBackupRestoration (8ms)
Platform modules already initialized, skipping
Refreshing native plugins compatible for Editor in 0.58 ms, found 2 plugins.
Preloading 0 native plugins for Editor in 0.00 ms.
Unloading 2019 Unused Serialized files (Serialized files now loaded: 0)
System memory in use before: 114.8 MB.
System memory in use after: 112.8 MB.

Unloading 40 unused Assets to reduce memory usage. Loaded Objects now: 2557.
Total: 4.785900 ms (FindLiveObjects: 0.269300 ms CreateObjectMapping: 0.101600 ms MarkObjects: 3.489800 ms  DeleteObjects: 0.923100 ms)

AssetImportParameters requested are different than current active one (requested -> active):
  custom:framework-win-MediaFoundation: 216162199b28c13a410421893ffa2e32 -> 
  custom:video-decoder-ogg-theora: a1e56fd34408186e4bbccfd4996cb3dc -> 
  custom:container-muxer-webm: aa71ff27fc2769a1b78a27578f13a17b -> 
  custom:container-demuxer-webm: 4f35f7cbe854078d1ac9338744f61a02 -> 
  custom:container-demuxer-ogg: 62fdf1f143b41e24485cea50d1cbac27 -> 
  custom:video-encoder-webm-vp8: eb34c28f22e8b96e1ab97ce403110664 -> 
  custom:video-decoder-webm-vp8: 9c59270c3fd7afecdb556c50c9e8de78 -> 
  custom:audio-decoder-ogg-vorbis: bf7c407c2cedff20999df2af8eb42d56 -> 
  custom:audio-encoder-webm-vorbis: bf7c407c2cedff20999df2af8eb42d56 -> 
AssetImportWorkerClient::OnTransportError - code=2 error=End of file
