Using pre-set license
Built from '2020.3/staging' branch; Version is '2020.3.20f1 (41c4e627c95f) revision 4310246'; Using compiler version '192528614'; Build Type 'Release'
OS: 'Windows 10 Home; OS build 19042.1348; Version 2009; 64bit' Language: 'en' Physical Memory: 8026 MB
BatchMode: 1, IsHumanControllingUs: 0, StartBugReporterOnCrash: 0, Is64bit: 1, IsPro: 0

COMMAND LINE ARGUMENTS:
C:\Program Files\Unity\Hub\Editor\2020.3.20f1\Editor\Unity.exe
-adb2
-batchMode
-noUpm
-name
AssetImportWorker0
-projectPath
C:/Users/jslut/OneDrive/Documents/GitHub/FinalProject01/TheRobotEscape
-logFile
Logs/AssetImportWorker0.log
-srvPort
61278
Successfully changed project path to: C:/Users/jslut/OneDrive/Documents/GitHub/FinalProject01/TheRobotEscape
C:/Users/jslut/OneDrive/Documents/GitHub/FinalProject01/TheRobotEscape
Using Asset Import Pipeline V2.
Refreshing native plugins compatible for Editor in 70.65 ms, found 2 plugins.
Preloading 0 native plugins for Editor in 0.00 ms.
Initialize engine version: 2020.3.20f1 (41c4e627c95f)
[Subsystems] Discovering subsystems at path C:/Program Files/Unity/Hub/Editor/2020.3.20f1/Editor/Data/Resources/UnitySubsystems
[Subsystems] Discovering subsystems at path C:/Users/jslut/OneDrive/Documents/GitHub/FinalProject01/TheRobotEscape/Assets
GfxDevice: creating device client; threaded=0
Direct3D:
    Version:  Direct3D 11.0 [level 11.1]
    Renderer: Intel(R) UHD Graphics 620 (ID=0x5917)
    Vendor:   
    VRAM:     4013 MB
    Driver:   30.0.100.9563
Initialize mono
Mono path[0] = 'C:/Program Files/Unity/Hub/Editor/2020.3.20f1/Editor/Data/Managed'
Mono path[1] = 'C:/Program Files/Unity/Hub/Editor/2020.3.20f1/Editor/Data/MonoBleedingEdge/lib/mono/unityjit'
Mono config path = 'C:/Program Files/Unity/Hub/Editor/2020.3.20f1/Editor/Data/MonoBleedingEdge/etc'
Using monoOptions --debugger-agent=transport=dt_socket,embedding=1,server=y,suspend=n,address=127.0.0.1:56568
Begin MonoManager ReloadAssembly
Registering precompiled unity dll's ...
Register platform support module: C:/Program Files/Unity/Hub/Editor/2020.3.20f1/Editor/Data/PlaybackEngines/WindowsStandaloneSupport/UnityEditor.WindowsStandalone.Extensions.dll
Registered in 0.003593 seconds.
Native extension for WindowsStandalone target not found
Refreshing native plugins compatible for Editor in 56.63 ms, found 2 plugins.
Preloading 0 native plugins for Editor in 0.00 ms.
Mono: successfully reloaded assembly
- Completed reload, in  1.609 seconds
Domain Reload Profiling:
	ReloadAssembly (1609ms)
		BeginReloadAssembly (99ms)
			ExecutionOrderSort (0ms)
			DisableScriptedObjects (0ms)
			BackupInstance (0ms)
			ReleaseScriptingObjects (0ms)
			CreateAndSetChildDomain (1ms)
		EndReloadAssembly (588ms)
			LoadAssemblies (95ms)
			RebuildTransferFunctionScriptingTraits (0ms)
			SetupTypeCache (223ms)
			ReleaseScriptCaches (0ms)
			RebuildScriptCaches (42ms)
			SetupLoadedEditorAssemblies (223ms)
				LogAssemblyErrors (0ms)
				InitializePlatformSupportModulesInManaged (5ms)
				SetLoadedEditorAssemblies (0ms)
				RefreshPlugins (57ms)
				BeforeProcessingInitializeOnLoad (12ms)
				ProcessInitializeOnLoadAttributes (113ms)
				ProcessInitializeOnLoadMethodAttributes (35ms)
				AfterProcessingInitializeOnLoad (0ms)
				EditorAssembliesLoaded (0ms)
			ExecutionOrderSort2 (0ms)
			AwakeInstancesAfterBackupRestoration (0ms)
Platform modules already initialized, skipping
Registering precompiled user dll's ...
Registered in 0.005722 seconds.
Begin MonoManager ReloadAssembly
Native extension for WindowsStandalone target not found
Refreshing native plugins compatible for Editor in 0.59 ms, found 2 plugins.
Preloading 0 native plugins for Editor in 0.00 ms.
Mono: successfully reloaded assembly
- Completed reload, in  2.063 seconds
Domain Reload Profiling:
	ReloadAssembly (2064ms)
		BeginReloadAssembly (407ms)
			ExecutionOrderSort (0ms)
			DisableScriptedObjects (6ms)
			BackupInstance (0ms)
			ReleaseScriptingObjects (0ms)
			CreateAndSetChildDomain (80ms)
		EndReloadAssembly (1568ms)
			LoadAssemblies (227ms)
			RebuildTransferFunctionScriptingTraits (0ms)
			SetupTypeCache (317ms)
			ReleaseScriptCaches (1ms)
			RebuildScriptCaches (71ms)
			SetupLoadedEditorAssemblies (955ms)
				LogAssemblyErrors (0ms)
				InitializePlatformSupportModulesInManaged (5ms)
				SetLoadedEditorAssemblies (0ms)
				RefreshPlugins (1ms)
				BeforeProcessingInitializeOnLoad (78ms)
				ProcessInitializeOnLoadAttributes (855ms)
				ProcessInitializeOnLoadMethodAttributes (5ms)
				AfterProcessingInitializeOnLoad (10ms)
				EditorAssembliesLoaded (0ms)
			ExecutionOrderSort2 (0ms)
			AwakeInstancesAfterBackupRestoration (7ms)
Platform modules already initialized, skipping
========================================================================
Worker process is ready to serve import requests
Launched and connected shader compiler UnityShaderCompiler.exe after 0.18 seconds
Refreshing native plugins compatible for Editor in 0.51 ms, found 2 plugins.
Preloading 0 native plugins for Editor in 0.00 ms.
Unloading 2048 Unused Serialized files (Serialized files now loaded: 0)
System memory in use before: 100.2 MB.
System memory in use after: 100.3 MB.

Unloading 17 unused Assets to reduce memory usage. Loaded Objects now: 2499.
Total: 3.404300 ms (FindLiveObjects: 0.234500 ms CreateObjectMapping: 0.080400 ms MarkObjects: 3.013800 ms  DeleteObjects: 0.074600 ms)

AssetImportParameters requested are different than current active one (requested -> active):
  custom:framework-win-MediaFoundation: 216162199b28c13a410421893ffa2e32 -> 
  custom:video-decoder-ogg-theora: a1e56fd34408186e4bbccfd4996cb3dc -> 
  custom:container-muxer-webm: aa71ff27fc2769a1b78a27578f13a17b -> 
  custom:container-demuxer-webm: 4f35f7cbe854078d1ac9338744f61a02 -> 
  custom:container-demuxer-ogg: 62fdf1f143b41e24485cea50d1cbac27 -> 
  custom:video-encoder-webm-vp8: eb34c28f22e8b96e1ab97ce403110664 -> 
  custom:video-decoder-webm-vp8: 9c59270c3fd7afecdb556c50c9e8de78 -> 
  custom:audio-decoder-ogg-vorbis: bf7c407c2cedff20999df2af8eb42d56 -> 
  custom:audio-encoder-webm-vorbis: bf7c407c2cedff20999df2af8eb42d56 -> 
========================================================================
Received Import Request.
  path: Assets/Invector-3rdPersonController_LITE/3D Models/Animations/Basic_StrafeMoveset.fbx
  artifactKey: Guid(13d2640367521314591db34597e3f5d6) Importer(815301076,1909f56bfc062723c751e8b465ee728b)
Start importing Assets/Invector-3rdPersonController_LITE/3D Models/Animations/Basic_StrafeMoveset.fbx using Guid(13d2640367521314591db34597e3f5d6) Importer(815301076,1909f56bfc062723c751e8b465ee728b)  -> (artifact id: '8b6fa14491ecb978ee83155908f048f7') in 0.179987 seconds 
  Import took 0.231827 seconds .

========================================================================
Received Import Request.
  Time since last request: 0.000411 seconds.
  path: Assets/Invector-3rdPersonController_LITE/3D Models/Others/invector-icon.fbx
  artifactKey: Guid(82d677cc46649fa4cb8988583aaa1623) Importer(815301076,1909f56bfc062723c751e8b465ee728b)
Start importing Assets/Invector-3rdPersonController_LITE/3D Models/Others/invector-icon.fbx using Guid(82d677cc46649fa4cb8988583aaa1623) Importer(815301076,1909f56bfc062723c751e8b465ee728b)  -> (artifact id: '720d1e25dc008ab892e36fd7892d5abc') in 0.561115 seconds 
  Import took 0.600942 seconds .

========================================================================
Received Import Request.
  Time since last request: 0.000380 seconds.
  path: Assets/Invector-3rdPersonController_LITE/3D Models/Others/HealthItem/health.fbx
  artifactKey: Guid(33467abb1755ec142a053756c3f7f87f) Importer(815301076,1909f56bfc062723c751e8b465ee728b)
Start importing Assets/Invector-3rdPersonController_LITE/3D Models/Others/HealthItem/health.fbx using Guid(33467abb1755ec142a053756c3f7f87f) Importer(815301076,1909f56bfc062723c751e8b465ee728b)  -> (artifact id: 'f3b8a50de61f2cff41f0aed65e22c79c') in 0.554856 seconds 
  Import took 0.563971 seconds .

========================================================================
Received Import Request.
  Time since last request: 0.000373 seconds.
  path: Assets/Invector-3rdPersonController_LITE/3D Models/Animations/Basic_FreeMovement.fbx
  artifactKey: Guid(37c6cfe59f56e8a4799011397a870a8b) Importer(815301076,1909f56bfc062723c751e8b465ee728b)
Start importing Assets/Invector-3rdPersonController_LITE/3D Models/Animations/Basic_FreeMovement.fbx using Guid(37c6cfe59f56e8a4799011397a870a8b) Importer(815301076,1909f56bfc062723c751e8b465ee728b)  -> (artifact id: '25feea0106f9e99623392fc6718b3b5c') in 0.024010 seconds 
  Import took 0.053445 seconds .

========================================================================
Received Import Request.
  Time since last request: 0.000414 seconds.
  path: Assets/Invector-3rdPersonController_LITE/3D Models/Others/HealthItem/sphere-health.fbx
  artifactKey: Guid(0efea8e0c1e8eeb4688d7619f24ea10e) Importer(815301076,1909f56bfc062723c751e8b465ee728b)
Start importing Assets/Invector-3rdPersonController_LITE/3D Models/Others/HealthItem/sphere-health.fbx using Guid(0efea8e0c1e8eeb4688d7619f24ea10e) Importer(815301076,1909f56bfc062723c751e8b465ee728b)  -> (artifact id: 'a04d1889e56b136b906556ad63a27405') in 0.717404 seconds 
  Import took 0.726981 seconds .

========================================================================
Received Import Request.
  Time since last request: 0.000402 seconds.
  path: Assets/Invector-3rdPersonController_LITE/3D Models/Others/cube.fbx
  artifactKey: Guid(dee2cc7c00fcd6b4f90719f3660798f8) Importer(815301076,1909f56bfc062723c751e8b465ee728b)
Start importing Assets/Invector-3rdPersonController_LITE/3D Models/Others/cube.fbx using Guid(dee2cc7c00fcd6b4f90719f3660798f8) Importer(815301076,1909f56bfc062723c751e8b465ee728b)  -> (artifact id: 'baf5078fb478664688f69ad3d2d8d49d') in 0.111256 seconds 
  Import took 0.117116 seconds .

========================================================================
Received Import Request.
  Time since last request: 425.448927 seconds.
  path: Assets/Invector-3rdPersonController_LITE/Resources/banner.png
  artifactKey: Guid(6645ecd309a2a99439549c5cc7b2e480) Importer(815301076,1909f56bfc062723c751e8b465ee728b)
Start importing Assets/Invector-3rdPersonController_LITE/Resources/banner.png using Guid(6645ecd309a2a99439549c5cc7b2e480) Importer(815301076,1909f56bfc062723c751e8b465ee728b)  -> (artifact id: '8195a486d65bbf195c8009af1a9fde23') in 0.258981 seconds 
  Import took 0.700397 seconds .

========================================================================
Received Import Request.
  Time since last request: 0.000613 seconds.
  path: Assets/Invector-3rdPersonController_LITE/Resources/BarBg.png
  artifactKey: Guid(0085f005184a4064690308838d1f3c3a) Importer(815301076,1909f56bfc062723c751e8b465ee728b)
Start importing Assets/Invector-3rdPersonController_LITE/Resources/BarBg.png using Guid(0085f005184a4064690308838d1f3c3a) Importer(815301076,1909f56bfc062723c751e8b465ee728b)  -> (artifact id: '9301844fcc4cf48ab97e63bbb26237d5') in 0.158193 seconds 
  Import took 0.238384 seconds .

========================================================================
Received Import Request.
  Time since last request: 0.000578 seconds.
  path: Assets/Invector-3rdPersonController_LITE/Resources/builderAddon.png
  artifactKey: Guid(e292a6d3c6f4e7640849f34d8ba9dd4c) Importer(815301076,1909f56bfc062723c751e8b465ee728b)
Start importing Assets/Invector-3rdPersonController_LITE/Resources/builderAddon.png using Guid(e292a6d3c6f4e7640849f34d8ba9dd4c) Importer(815301076,1909f56bfc062723c751e8b465ee728b)  -> (artifact id: 'b72900410f4b81f90c8bb57c4a14b0c2') in 0.305385 seconds 
  Import took 0.310523 seconds .

========================================================================
Received Import Request.
  Time since last request: 0.000480 seconds.
  path: Assets/Invector-3rdPersonController_LITE/Resources/climbAddon.png
  artifactKey: Guid(7dab9951a4483be4c9d25bc3e32f9f85) Importer(815301076,1909f56bfc062723c751e8b465ee728b)
Start importing Assets/Invector-3rdPersonController_LITE/Resources/climbAddon.png using Guid(7dab9951a4483be4c9d25bc3e32f9f85) Importer(815301076,1909f56bfc062723c751e8b465ee728b)  -> (artifact id: '6ae6fcbf2af398d130b544fdc9e4cb57') in 0.230604 seconds 
  Import took 0.249479 seconds .

========================================================================
Received Import Request.
  Time since last request: 0.000595 seconds.
  path: Assets/Invector-3rdPersonController_LITE/Resources/clickToMoveIcon.png
  artifactKey: Guid(6f4828d9e447f524f8fdc4f4fe331c0d) Importer(815301076,1909f56bfc062723c751e8b465ee728b)
Start importing Assets/Invector-3rdPersonController_LITE/Resources/clickToMoveIcon.png using Guid(6f4828d9e447f524f8fdc4f4fe331c0d) Importer(815301076,1909f56bfc062723c751e8b465ee728b)  -> (artifact id: 'a9d97cff6105e7b208272c227c6b8ecc') in 0.060811 seconds 
  Import took 0.077340 seconds .

========================================================================
Received Import Request.
  Time since last request: 0.000425 seconds.
  path: Assets/Invector-3rdPersonController_LITE/Resources/BoxHover.png
  artifactKey: Guid(66ea7f6b43ba67c438c6ecebcc5a5c0c) Importer(815301076,1909f56bfc062723c751e8b465ee728b)
Start importing Assets/Invector-3rdPersonController_LITE/Resources/BoxHover.png using Guid(66ea7f6b43ba67c438c6ecebcc5a5c0c) Importer(815301076,1909f56bfc062723c751e8b465ee728b)  -> (artifact id: '45e0043c1c022a025d5b81df38a0e1ab') in 0.039161 seconds 
  Import took 0.044473 seconds .

========================================================================
Received Import Request.
  Time since last request: 0.000309 seconds.
  path: Assets/Invector-3rdPersonController_LITE/Resources/basicLogo.png
  artifactKey: Guid(f75e2b1809ad796469251378de80ccb1) Importer(815301076,1909f56bfc062723c751e8b465ee728b)
Start importing Assets/Invector-3rdPersonController_LITE/Resources/basicLogo.png using Guid(f75e2b1809ad796469251378de80ccb1) Importer(815301076,1909f56bfc062723c751e8b465ee728b)  -> (artifact id: '7df4031e6560cfbb1883a80730d2c032') in 0.056060 seconds 
  Import took 0.062280 seconds .

========================================================================
Received Import Request.
  Time since last request: 0.000352 seconds.
  path: Assets/Invector-3rdPersonController_LITE/Resources/LightBox.png
  artifactKey: Guid(494fe6d88cfabef49b7578a4c0be1e39) Importer(815301076,1909f56bfc062723c751e8b465ee728b)
Start importing Assets/Invector-3rdPersonController_LITE/Resources/LightBox.png using Guid(494fe6d88cfabef49b7578a4c0be1e39) Importer(815301076,1909f56bfc062723c751e8b465ee728b)  -> (artifact id: 'b86d263bef78b70fef7f97054bba889d') in 0.048214 seconds 
  Import took 0.082948 seconds .

========================================================================
Received Import Request.
  Time since last request: 0.000486 seconds.
  path: Assets/Invector-3rdPersonController_LITE/Resources/topdownIcon.png
  artifactKey: Guid(ab3fd36963dd312479c34fbfdc6f98de) Importer(815301076,1909f56bfc062723c751e8b465ee728b)
Start importing Assets/Invector-3rdPersonController_LITE/Resources/topdownIcon.png using Guid(ab3fd36963dd312479c34fbfdc6f98de) Importer(815301076,1909f56bfc062723c751e8b465ee728b)  -> (artifact id: 'f56dec4ded823abb544e9bbc79f06a01') in 0.044183 seconds 
  Import took 0.051591 seconds .

========================================================================
Received Import Request.
  Time since last request: 0.000500 seconds.
  path: Assets/Invector-3rdPersonController_LITE/Resources/invectorBanner.png
  artifactKey: Guid(d3c4d19b2099c9943a8f4546fb418f26) Importer(815301076,1909f56bfc062723c751e8b465ee728b)
Start importing Assets/Invector-3rdPersonController_LITE/Resources/invectorBanner.png using Guid(d3c4d19b2099c9943a8f4546fb418f26) Importer(815301076,1909f56bfc062723c751e8b465ee728b)  -> (artifact id: 'f5df061bb8e7b8c67aea46236ba9d5ca') in 0.060059 seconds 
  Import took 0.067358 seconds .

========================================================================
Received Import Request.
  Time since last request: 0.000800 seconds.
  path: Assets/Invector-3rdPersonController_LITE/Resources/button_skin.png
  artifactKey: Guid(402805c5625269b49beb34649a86a4d1) Importer(815301076,1909f56bfc062723c751e8b465ee728b)
Start importing Assets/Invector-3rdPersonController_LITE/Resources/button_skin.png using Guid(402805c5625269b49beb34649a86a4d1) Importer(815301076,1909f56bfc062723c751e8b465ee728b)  -> (artifact id: '91434840e100b2edaf2a9ce7d341c0f0') in 0.043981 seconds 
  Import took 0.053505 seconds .

========================================================================
Received Import Request.
  Time since last request: 0.000396 seconds.
  path: Assets/Invector-3rdPersonController_LITE/Resources/hightlightBox.png
  artifactKey: Guid(5dfcf9622f12816418d439efe678683a) Importer(815301076,1909f56bfc062723c751e8b465ee728b)
Start importing Assets/Invector-3rdPersonController_LITE/Resources/hightlightBox.png using Guid(5dfcf9622f12816418d439efe678683a) Importer(815301076,1909f56bfc062723c751e8b465ee728b)  -> (artifact id: 'e07be420af827103284cb23032011bae') in 0.041635 seconds 
  Import took 0.047185 seconds .

========================================================================
Received Import Request.
  Time since last request: 0.000418 seconds.
  path: Assets/Invector-3rdPersonController_LITE/Resources/stealthKillAddon.png
  artifactKey: Guid(5f31421fa86e2154995a12ee87a8d724) Importer(815301076,1909f56bfc062723c751e8b465ee728b)
Start importing Assets/Invector-3rdPersonController_LITE/Resources/stealthKillAddon.png using Guid(5f31421fa86e2154995a12ee87a8d724) Importer(815301076,1909f56bfc062723c751e8b465ee728b)  -> (artifact id: '9f3b572c71cc9342ba3f8fed2f34b750') in 0.040710 seconds 
  Import took 0.045874 seconds .

========================================================================
Received Import Request.
  Time since last request: 0.000385 seconds.
  path: Assets/Invector-3rdPersonController_LITE/Resources/logo.png
  artifactKey: Guid(b41c20f228db90a4b8a48d3585f54c4c) Importer(815301076,1909f56bfc062723c751e8b465ee728b)
Start importing Assets/Invector-3rdPersonController_LITE/Resources/logo.png using Guid(b41c20f228db90a4b8a48d3585f54c4c) Importer(815301076,1909f56bfc062723c751e8b465ee728b)  -> (artifact id: '3364e29515d8100b4e6c48c43542299a') in 0.094418 seconds 
  Import took 0.101128 seconds .

========================================================================
Received Import Request.
  Time since last request: 0.000496 seconds.
  path: Assets/Invector-3rdPersonController_LITE/Resources/customBox.png
  artifactKey: Guid(852a86a871b25ff4ea50a13a4c391999) Importer(815301076,1909f56bfc062723c751e8b465ee728b)
Start importing Assets/Invector-3rdPersonController_LITE/Resources/customBox.png using Guid(852a86a871b25ff4ea50a13a4c391999) Importer(815301076,1909f56bfc062723c751e8b465ee728b)  -> (artifact id: 'f4758eb3b0d1ac004ab42aa8631044fe') in 0.040445 seconds 
  Import took 0.046252 seconds .

========================================================================
Received Import Request.
  Time since last request: 0.000314 seconds.
  path: Assets/Invector-3rdPersonController_LITE/Resources/TextAreaSkin.png
  artifactKey: Guid(d5bee62c9974267469602e2c42dda181) Importer(815301076,1909f56bfc062723c751e8b465ee728b)
Start importing Assets/Invector-3rdPersonController_LITE/Resources/TextAreaSkin.png using Guid(d5bee62c9974267469602e2c42dda181) Importer(815301076,1909f56bfc062723c751e8b465ee728b)  -> (artifact id: 'bba4490f49b271f1370c414cd1091ad1') in 0.054949 seconds 
  Import took 0.060555 seconds .

========================================================================
Received Import Request.
  Time since last request: 0.000351 seconds.
  path: Assets/Invector-3rdPersonController_LITE/Resources/Box.png
  artifactKey: Guid(74661375bb0a1fd42bb3297c24c9e2c5) Importer(815301076,1909f56bfc062723c751e8b465ee728b)
Start importing Assets/Invector-3rdPersonController_LITE/Resources/Box.png using Guid(74661375bb0a1fd42bb3297c24c9e2c5) Importer(815301076,1909f56bfc062723c751e8b465ee728b)  -> (artifact id: '4be239c4db622c56de40459c1fff61ee') in 0.022524 seconds 
  Import took 0.027804 seconds .

========================================================================
Received Import Request.
  Time since last request: 0.000349 seconds.
  path: Assets/Invector-3rdPersonController_LITE/Resources/square.png
  artifactKey: Guid(f981fdad814cbfb43969712c51317bae) Importer(815301076,1909f56bfc062723c751e8b465ee728b)
Start importing Assets/Invector-3rdPersonController_LITE/Resources/square.png using Guid(f981fdad814cbfb43969712c51317bae) Importer(815301076,1909f56bfc062723c751e8b465ee728b)  -> (artifact id: '409590fda09013a2a4db2b476f217969') in 0.065884 seconds 
  Import took 0.073060 seconds .

========================================================================
Received Import Request.
  Time since last request: 0.000398 seconds.
  path: Assets/Invector-3rdPersonController_LITE/Resources/swimmingAddon.png
  artifactKey: Guid(177313a88df715742a9552ff5f743007) Importer(815301076,1909f56bfc062723c751e8b465ee728b)
Start importing Assets/Invector-3rdPersonController_LITE/Resources/swimmingAddon.png using Guid(177313a88df715742a9552ff5f743007) Importer(815301076,1909f56bfc062723c751e8b465ee728b)  -> (artifact id: '1bf2e44585e02eb689f24b3ae08bddee') in 0.069945 seconds 
  Import took 0.074829 seconds .

========================================================================
Received Import Request.
  Time since last request: 0.000358 seconds.
  path: Assets/Invector-3rdPersonController_LITE/Resources/platformIcon.png
  artifactKey: Guid(37bf633cb5edb2145bc588e6afc98e70) Importer(815301076,1909f56bfc062723c751e8b465ee728b)
Start importing Assets/Invector-3rdPersonController_LITE/Resources/platformIcon.png using Guid(37bf633cb5edb2145bc588e6afc98e70) Importer(815301076,1909f56bfc062723c751e8b465ee728b)  -> (artifact id: 'fd24ca4bda13c87b80d4d4aef31c1b01') in 0.047029 seconds 
  Import took 0.063826 seconds .

========================================================================
Received Import Request.
  Time since last request: 0.000502 seconds.
  path: Assets/Invector-3rdPersonController_LITE/Resources/boxLight.png
  artifactKey: Guid(9343ecc466b190245b24789e1fc2f085) Importer(815301076,1909f56bfc062723c751e8b465ee728b)
Start importing Assets/Invector-3rdPersonController_LITE/Resources/boxLight.png using Guid(9343ecc466b190245b24789e1fc2f085) Importer(815301076,1909f56bfc062723c751e8b465ee728b)  -> (artifact id: 'da39fcfedacaea70e267127a964dc6c1') in 0.033655 seconds 
  Import took 0.052566 seconds .

========================================================================
Received Import Request.
  Time since last request: 0.000420 seconds.
  path: Assets/Invector-3rdPersonController_LITE/Resources/icon_v2.png
  artifactKey: Guid(0536d8ada72a6ac4695386ea4bcd1ebe) Importer(815301076,1909f56bfc062723c751e8b465ee728b)
Start importing Assets/Invector-3rdPersonController_LITE/Resources/icon_v2.png using Guid(0536d8ada72a6ac4695386ea4bcd1ebe) Importer(815301076,1909f56bfc062723c751e8b465ee728b)  -> (artifact id: 'c83e811b8b8833a2319163b2424e2de4') in 0.029345 seconds 
  Import took 0.035007 seconds .

========================================================================
Received Import Request.
  Time since last request: 0.000374 seconds.
  path: Assets/Invector-3rdPersonController_LITE/Resources/mobileIcon.png
  artifactKey: Guid(a6b51ebd9c9022e469a9fed765f63938) Importer(815301076,1909f56bfc062723c751e8b465ee728b)
Start importing Assets/Invector-3rdPersonController_LITE/Resources/mobileIcon.png using Guid(a6b51ebd9c9022e469a9fed765f63938) Importer(815301076,1909f56bfc062723c751e8b465ee728b)  -> (artifact id: '52b3310e389607b38e0698f26e9352c7') in 0.035725 seconds 
  Import took 0.041138 seconds .

========================================================================
Received Import Request.
  Time since last request: 0.000313 seconds.
  path: Assets/Invector-3rdPersonController_LITE/Resources/templatesFeatures.png
  artifactKey: Guid(538243fb8b0699040a432eadb25c0864) Importer(815301076,1909f56bfc062723c751e8b465ee728b)
Start importing Assets/Invector-3rdPersonController_LITE/Resources/templatesFeatures.png using Guid(538243fb8b0699040a432eadb25c0864) Importer(815301076,1909f56bfc062723c751e8b465ee728b)  -> (artifact id: '3af6e14de1e34f468f1927ece3f94a20') in 0.078301 seconds 
  Import took 0.095417 seconds .

========================================================================
Received Import Request.
  Time since last request: 0.000438 seconds.
  path: Assets/Invector-3rdPersonController_LITE/Resources/templatesPromo.jpg
  artifactKey: Guid(38ad7ac5d5d785146a42d2dc6e4f7e42) Importer(815301076,1909f56bfc062723c751e8b465ee728b)
Start importing Assets/Invector-3rdPersonController_LITE/Resources/templatesPromo.jpg using Guid(38ad7ac5d5d785146a42d2dc6e4f7e42) Importer(815301076,1909f56bfc062723c751e8b465ee728b)  -> (artifact id: '9445dfec9538db7a5a2e5ee411ffeedd') in 0.115254 seconds 
  Import took 0.131495 seconds .

========================================================================
Received Import Request.
  Time since last request: 0.000433 seconds.
  path: Assets/Invector-3rdPersonController_LITE/Resources/Unity-Asset-Store.png
  artifactKey: Guid(8b7dd3bdbf0ec2a4ab988f5f041c32c8) Importer(815301076,1909f56bfc062723c751e8b465ee728b)
Start importing Assets/Invector-3rdPersonController_LITE/Resources/Unity-Asset-Store.png using Guid(8b7dd3bdbf0ec2a4ab988f5f041c32c8) Importer(815301076,1909f56bfc062723c751e8b465ee728b)  -> (artifact id: '967d5a91d867c08d8dbb3b846efd54c5') in 0.086081 seconds 
  Import took 0.094494 seconds .

========================================================================
Received Import Request.
  Time since last request: 0.000439 seconds.
  path: Assets/Invector-3rdPersonController_LITE/Resources/BoxShadown.png
  artifactKey: Guid(619921f8b2787f54e8198bd8b9b6ef0b) Importer(815301076,1909f56bfc062723c751e8b465ee728b)
Start importing Assets/Invector-3rdPersonController_LITE/Resources/BoxShadown.png using Guid(619921f8b2787f54e8198bd8b9b6ef0b) Importer(815301076,1909f56bfc062723c751e8b465ee728b)  -> (artifact id: 'af5ca5b2b138352e8f332a2aebba3027') in 0.015176 seconds 
  Import took 0.020476 seconds .

========================================================================
Received Import Request.
  Time since last request: 0.873147 seconds.
  path: Assets/Invector-3rdPersonController_LITE/Scripts/CharacterController
  artifactKey: Guid(41524fcaa48073c47b6c6b1f47f7dce2) Importer(815301076,1909f56bfc062723c751e8b465ee728b)
Start importing Assets/Invector-3rdPersonController_LITE/Scripts/CharacterController using Guid(41524fcaa48073c47b6c6b1f47f7dce2) Importer(815301076,1909f56bfc062723c751e8b465ee728b)  -> (artifact id: 'c430d42ed108972c9058050de36e8ab6') in 0.008500 seconds 
  Import took 0.014340 seconds .

========================================================================
Received Import Request.
  Time since last request: 5.025327 seconds.
  path: Assets/Invector-3rdPersonController_LITE/Scripts/CharacterCreator/Icon
  artifactKey: Guid(8e5acff308cfcc941979572a5e81604e) Importer(815301076,1909f56bfc062723c751e8b465ee728b)
Start importing Assets/Invector-3rdPersonController_LITE/Scripts/CharacterCreator/Icon using Guid(8e5acff308cfcc941979572a5e81604e) Importer(815301076,1909f56bfc062723c751e8b465ee728b)  -> (artifact id: '44b795f7371a5130869bcf221b8edbed') in 0.010055 seconds 
  Import took 0.015024 seconds .

========================================================================
Received Import Request.
  Time since last request: 0.261740 seconds.
  path: Assets/Invector-3rdPersonController_LITE/Scripts/CharacterCreator/Icon/CharacterTemplate.png
  artifactKey: Guid(4bf53de60edd82845b73148913d56195) Importer(815301076,1909f56bfc062723c751e8b465ee728b)
Start importing Assets/Invector-3rdPersonController_LITE/Scripts/CharacterCreator/Icon/CharacterTemplate.png using Guid(4bf53de60edd82845b73148913d56195) Importer(815301076,1909f56bfc062723c751e8b465ee728b)  -> (artifact id: '56de197f14f2ba021afe4c13e1830c1a') in 0.067057 seconds 
  Import took 0.074048 seconds .

========================================================================
Received Prepare
Registering precompiled user dll's ...
Registered in 0.005419 seconds.
Begin MonoManager ReloadAssembly
Native extension for WindowsStandalone target not found
Refreshing native plugins compatible for Editor in 0.71 ms, found 2 plugins.
Preloading 0 native plugins for Editor in 0.00 ms.
Mono: successfully reloaded assembly
- Completed reload, in  1.536 seconds
Domain Reload Profiling:
	ReloadAssembly (1539ms)
		BeginReloadAssembly (254ms)
			ExecutionOrderSort (0ms)
			DisableScriptedObjects (11ms)
			BackupInstance (0ms)
			ReleaseScriptingObjects (0ms)
			CreateAndSetChildDomain (104ms)
		EndReloadAssembly (1206ms)
			LoadAssemblies (144ms)
			RebuildTransferFunctionScriptingTraits (0ms)
			SetupTypeCache (329ms)
			ReleaseScriptCaches (2ms)
			RebuildScriptCaches (48ms)
			SetupLoadedEditorAssemblies (591ms)
				LogAssemblyErrors (0ms)
				InitializePlatformSupportModulesInManaged (7ms)
				SetLoadedEditorAssemblies (1ms)
				RefreshPlugins (1ms)
				BeforeProcessingInitializeOnLoad (70ms)
				ProcessInitializeOnLoadAttributes (497ms)
				ProcessInitializeOnLoadMethodAttributes (5ms)
				AfterProcessingInitializeOnLoad (10ms)
				EditorAssembliesLoaded (0ms)
			ExecutionOrderSort2 (0ms)
			AwakeInstancesAfterBackupRestoration (7ms)
Platform modules already initialized, skipping
Refreshing native plugins compatible for Editor in 0.85 ms, found 2 plugins.
Preloading 0 native plugins for Editor in 0.00 ms.
Unloading 1993 Unused Serialized files (Serialized files now loaded: 0)
System memory in use before: 98.6 MB.
System memory in use after: 98.7 MB.

Unloading 14 unused Assets to reduce memory usage. Loaded Objects now: 2535.
Total: 3.721100 ms (FindLiveObjects: 0.216100 ms CreateObjectMapping: 0.085100 ms MarkObjects: 3.338700 ms  DeleteObjects: 0.079600 ms)

AssetImportParameters requested are different than current active one (requested -> active):
  custom:framework-win-MediaFoundation: 216162199b28c13a410421893ffa2e32 -> 
  custom:video-decoder-ogg-theora: a1e56fd34408186e4bbccfd4996cb3dc -> 
  custom:container-muxer-webm: aa71ff27fc2769a1b78a27578f13a17b -> 
  custom:container-demuxer-webm: 4f35f7cbe854078d1ac9338744f61a02 -> 
  custom:container-demuxer-ogg: 62fdf1f143b41e24485cea50d1cbac27 -> 
  custom:video-encoder-webm-vp8: eb34c28f22e8b96e1ab97ce403110664 -> 
  custom:video-decoder-webm-vp8: 9c59270c3fd7afecdb556c50c9e8de78 -> 
  custom:audio-decoder-ogg-vorbis: bf7c407c2cedff20999df2af8eb42d56 -> 
  custom:audio-encoder-webm-vorbis: bf7c407c2cedff20999df2af8eb42d56 -> 
========================================================================
Received Prepare
Registering precompiled user dll's ...
Registered in 0.008917 seconds.
Begin MonoManager ReloadAssembly
Native extension for WindowsStandalone target not found
Refreshing native plugins compatible for Editor in 0.71 ms, found 2 plugins.
Preloading 0 native plugins for Editor in 0.00 ms.
Mono: successfully reloaded assembly
- Completed reload, in  1.361 seconds
Domain Reload Profiling:
	ReloadAssembly (1362ms)
		BeginReloadAssembly (159ms)
			ExecutionOrderSort (0ms)
			DisableScriptedObjects (6ms)
			BackupInstance (0ms)
			ReleaseScriptingObjects (0ms)
			CreateAndSetChildDomain (46ms)
		EndReloadAssembly (1116ms)
			LoadAssemblies (156ms)
			RebuildTransferFunctionScriptingTraits (0ms)
			SetupTypeCache (372ms)
			ReleaseScriptCaches (1ms)
			RebuildScriptCaches (53ms)
			SetupLoadedEditorAssemblies (421ms)
				LogAssemblyErrors (0ms)
				InitializePlatformSupportModulesInManaged (6ms)
				SetLoadedEditorAssemblies (2ms)
				RefreshPlugins (1ms)
				BeforeProcessingInitializeOnLoad (80ms)
				ProcessInitializeOnLoadAttributes (313ms)
				ProcessInitializeOnLoadMethodAttributes (5ms)
				AfterProcessingInitializeOnLoad (14ms)
				EditorAssembliesLoaded (0ms)
			ExecutionOrderSort2 (0ms)
			AwakeInstancesAfterBackupRestoration (8ms)
Platform modules already initialized, skipping
Refreshing native plugins compatible for Editor in 0.62 ms, found 2 plugins.
Preloading 0 native plugins for Editor in 0.00 ms.
Unloading 1992 Unused Serialized files (Serialized files now loaded: 0)
System memory in use before: 98.6 MB.
System memory in use after: 98.7 MB.

Unloading 13 unused Assets to reduce memory usage. Loaded Objects now: 2537.
Total: 4.664100 ms (FindLiveObjects: 0.386300 ms CreateObjectMapping: 0.117200 ms MarkObjects: 3.995600 ms  DeleteObjects: 0.163700 ms)

AssetImportParameters requested are different than current active one (requested -> active):
  custom:framework-win-MediaFoundation: 216162199b28c13a410421893ffa2e32 -> 
  custom:video-decoder-ogg-theora: a1e56fd34408186e4bbccfd4996cb3dc -> 
  custom:container-muxer-webm: aa71ff27fc2769a1b78a27578f13a17b -> 
  custom:container-demuxer-webm: 4f35f7cbe854078d1ac9338744f61a02 -> 
  custom:container-demuxer-ogg: 62fdf1f143b41e24485cea50d1cbac27 -> 
  custom:video-encoder-webm-vp8: eb34c28f22e8b96e1ab97ce403110664 -> 
  custom:video-decoder-webm-vp8: 9c59270c3fd7afecdb556c50c9e8de78 -> 
  custom:audio-decoder-ogg-vorbis: bf7c407c2cedff20999df2af8eb42d56 -> 
  custom:audio-encoder-webm-vorbis: bf7c407c2cedff20999df2af8eb42d56 -> 
AssetImportWorkerClient::OnTransportError - code=2 error=End of file
